[2025-05-27 05:14:51] [INFO] ATMShield started.
[2025-05-27 05:14:51] [INFO] Starting File Watcher...
[2025-05-27 05:14:51] [INFO] [ALERT] Suspicious process detected: kworker/r-sync_wq (PID: 5)
[2025-05-27 05:14:51] [INFO] [ALERT] Suspicious process detected: systemd-timesyncd (PID: 425)
[2025-05-27 05:14:51] [INFO] [ALERT] Suspicious process detected: at-spi-bus-launcher (PID: 1063)
[2025-05-27 05:14:51] [INFO] [ALERT] Suspicious process detected: dbus-launch (PID: 3730)
[2025-05-27 05:14:51] [INFO] [ALERT] Suspicious process detected: dbus-launch (PID: 4206)
[2025-05-27 05:14:51] [INFO] [ALERT] Suspicious process detected: python3 (PID: 31581)
[2025-05-27 05:14:51] [INFO] [ALERT] Suspicious process detected: python3.13 (PID: 39102)
[2025-05-27 05:14:56] [INFO] [ALERT] Suspicious process detected: kworker/r-sync_wq (PID: 5)
[2025-05-27 05:14:56] [INFO] [ALERT] Suspicious process detected: systemd-timesyncd (PID: 425)
[2025-05-27 05:14:56] [INFO] [ALERT] Suspicious process detected: at-spi-bus-launcher (PID: 1063)
[2025-05-27 05:14:56] [INFO] [ALERT] Suspicious process detected: dbus-launch (PID: 3730)
[2025-05-27 05:14:56] [INFO] [ALERT] Suspicious process detected: dbus-launch (PID: 4206)
[2025-05-27 05:14:56] [INFO] [ALERT] Suspicious process detected: python3 (PID: 31581)
[2025-05-27 05:14:56] [INFO] [ALERT] Suspicious process detected: python3.13 (PID: 39102)
[2025-05-27 05:14:59] [INFO] [USB DISCONNECTED] None None (Serial: None) at 2025-05-27 05:14:59
[2025-05-27 05:14:59] [INFO] [USB DISCONNECTED] None None (Serial: None) at 2025-05-27 05:14:59
[2025-05-27 05:15:01] [INFO] [ALERT] Suspicious process detected: kworker/r-sync_wq (PID: 5)
[2025-05-27 05:15:01] [INFO] [ALERT] Suspicious process detected: systemd-timesyncd (PID: 425)
[2025-05-27 05:15:01] [INFO] [ALERT] Suspicious process detected: at-spi-bus-launcher (PID: 1063)
[2025-05-27 05:15:01] [INFO] [ALERT] Suspicious process detected: dbus-launch (PID: 3730)
[2025-05-27 05:15:01] [INFO] [ALERT] Suspicious process detected: dbus-launch (PID: 4206)
[2025-05-27 05:15:01] [INFO] [ALERT] Suspicious process detected: python3 (PID: 31581)
[2025-05-27 05:15:01] [INFO] [ALERT] Suspicious process detected: python3.13 (PID: 39102)
[2025-05-27 05:15:01] [INFO] [USB CONNECTED] Realtek 802.11n_NIC (Serial: 00E04C0001) at 2025-05-27 05:15:01
[2025-05-27 05:15:01] [INFO] [USB CONNECTED] None None (Serial: None) at 2025-05-27 05:15:01
[2025-05-27 05:15:06] [INFO] [ALERT] Suspicious process detected: kworker/r-sync_wq (PID: 5)
[2025-05-27 05:15:06] [INFO] [ALERT] Suspicious process detected: systemd-timesyncd (PID: 425)
[2025-05-27 05:15:06] [INFO] [ALERT] Suspicious process detected: at-spi-bus-launcher (PID: 1063)
[2025-05-27 05:15:06] [INFO] [ALERT] Suspicious process detected: dbus-launch (PID: 3730)
[2025-05-27 05:15:06] [INFO] [ALERT] Suspicious process detected: dbus-launch (PID: 4206)
[2025-05-27 05:15:06] [INFO] [ALERT] Suspicious process detected: python3 (PID: 31581)
[2025-05-27 05:15:06] [INFO] [ALERT] Suspicious process detected: python3.13 (PID: 39102)
[2025-05-27 05:15:11] [INFO] [ALERT] Suspicious process detected: kworker/r-sync_wq (PID: 5)
[2025-05-27 05:15:11] [INFO] [USB CONNECTED] ADATA ADATA_USB_Flash_Drive (Serial: 11C24192013201CB) at 2025-05-27 05:15:11
[2025-05-27 05:15:11] [INFO] [USB CONNECTED] None None (Serial: None) at 2025-05-27 05:15:11
[2025-05-27 05:15:11] [INFO] [ALERT] Suspicious process detected: systemd-timesyncd (PID: 425)
[2025-05-27 05:15:11] [INFO] [ALERT] Suspicious process detected: at-spi-bus-launcher (PID: 1063)
[2025-05-27 05:15:11] [INFO] [ALERT] Suspicious process detected: dbus-launch (PID: 3730)
[2025-05-27 05:15:11] [INFO] [ALERT] Suspicious process detected: dbus-launch (PID: 4206)
[2025-05-27 05:15:11] [INFO] [ALERT] Suspicious process detected: python3 (PID: 31581)
[2025-05-27 05:15:11] [INFO] [ALERT] Suspicious process detected: python3.13 (PID: 39102)
[2025-05-27 05:15:16] [INFO] [ALERT] Suspicious process detected: kworker/r-sync_wq (PID: 5)
[2025-05-27 05:15:16] [INFO] [ALERT] Suspicious process detected: systemd-timesyncd (PID: 425)
[2025-05-27 05:15:16] [INFO] [ALERT] Suspicious process detected: at-spi-bus-launcher (PID: 1063)
[2025-05-27 05:15:16] [INFO] [ALERT] Suspicious process detected: dbus-launch (PID: 3730)
[2025-05-27 05:15:16] [INFO] [ALERT] Suspicious process detected: dbus-launch (PID: 4206)
[2025-05-27 05:15:16] [INFO] [ALERT] Suspicious process detected: python3 (PID: 31581)
[2025-05-27 05:15:16] [INFO] [ALERT] Suspicious process detected: python3.13 (PID: 39102)
[2025-05-27 05:15:21] [INFO] [ALERT] Suspicious process detected: kworker/r-sync_wq (PID: 5)
[2025-05-27 05:15:21] [INFO] [ALERT] Suspicious process detected: systemd-timesyncd (PID: 425)
[2025-05-27 05:15:21] [INFO] [ALERT] Suspicious process detected: at-spi-bus-launcher (PID: 1063)
[2025-05-27 05:15:21] [INFO] [ALERT] Suspicious process detected: dbus-launch (PID: 3730)
[2025-05-27 05:15:21] [INFO] [ALERT] Suspicious process detected: dbus-launch (PID: 4206)
[2025-05-27 05:15:21] [INFO] [ALERT] Suspicious process detected: python3 (PID: 31581)
[2025-05-27 05:15:21] [INFO] [ALERT] Suspicious process detected: python3.13 (PID: 39102)
[2025-05-27 05:15:26] [INFO] [ALERT] Suspicious process detected: kworker/r-sync_wq (PID: 5)
[2025-05-27 05:15:26] [INFO] [ALERT] Suspicious process detected: systemd-timesyncd (PID: 425)
[2025-05-27 05:15:26] [INFO] [ALERT] Suspicious process detected: at-spi-bus-launcher (PID: 1063)
[2025-05-27 05:15:26] [INFO] [ALERT] Suspicious process detected: dbus-launch (PID: 3730)
[2025-05-27 05:15:26] [INFO] [ALERT] Suspicious process detected: dbus-launch (PID: 4206)
[2025-05-27 05:15:26] [INFO] [ALERT] Suspicious process detected: python3 (PID: 31581)
[2025-05-27 05:15:26] [INFO] [ALERT] Suspicious process detected: python3.13 (PID: 39102)
[2025-05-27 05:15:31] [INFO] [ALERT] Suspicious process detected: kworker/r-sync_wq (PID: 5)
[2025-05-27 05:15:31] [INFO] [ALERT] Suspicious process detected: systemd-timesyncd (PID: 425)
[2025-05-27 05:15:31] [INFO] [ALERT] Suspicious process detected: at-spi-bus-launcher (PID: 1063)
[2025-05-27 05:15:31] [INFO] [ALERT] Suspicious process detected: dbus-launch (PID: 3730)
[2025-05-27 05:15:31] [INFO] [ALERT] Suspicious process detected: dbus-launch (PID: 4206)
[2025-05-27 05:15:31] [INFO] [ALERT] Suspicious process detected: python3 (PID: 31581)
[2025-05-27 05:15:31] [INFO] [ALERT] Suspicious process detected: python3.13 (PID: 39102)
[2025-05-27 05:15:36] [INFO] [ALERT] Suspicious process detected: kworker/r-sync_wq (PID: 5)
[2025-05-27 05:15:36] [INFO] [ALERT] Suspicious process detected: systemd-timesyncd (PID: 425)
[2025-05-27 05:15:36] [INFO] [ALERT] Suspicious process detected: at-spi-bus-launcher (PID: 1063)
[2025-05-27 05:15:36] [INFO] [ALERT] Suspicious process detected: dbus-launch (PID: 3730)
[2025-05-27 05:15:36] [INFO] [ALERT] Suspicious process detected: dbus-launch (PID: 4206)
[2025-05-27 05:15:36] [INFO] [ALERT] Suspicious process detected: python3 (PID: 31581)
[2025-05-27 05:15:36] [INFO] [ALERT] Suspicious process detected: python3.13 (PID: 39102)
[2025-05-27 05:15:41] [INFO] [ALERT] Suspicious process detected: kworker/r-sync_wq (PID: 5)
[2025-05-27 05:15:41] [INFO] [ALERT] Suspicious process detected: systemd-timesyncd (PID: 425)
[2025-05-27 05:15:41] [INFO] [ALERT] Suspicious process detected: at-spi-bus-launcher (PID: 1063)
[2025-05-27 05:15:41] [INFO] [ALERT] Suspicious process detected: dbus-launch (PID: 3730)
[2025-05-27 05:15:41] [INFO] [ALERT] Suspicious process detected: dbus-launch (PID: 4206)
[2025-05-27 05:15:42] [INFO] [ALERT] Suspicious process detected: python3 (PID: 31581)
[2025-05-27 05:15:42] [INFO] [ALERT] Suspicious process detected: python3.13 (PID: 39102)
[2025-05-27 05:15:47] [INFO] [ALERT] Suspicious process detected: kworker/r-sync_wq (PID: 5)
[2025-05-27 05:15:47] [INFO] [ALERT] Suspicious process detected: systemd-timesyncd (PID: 425)
[2025-05-27 05:15:47] [INFO] [ALERT] Suspicious process detected: at-spi-bus-launcher (PID: 1063)
[2025-05-27 05:15:47] [INFO] [ALERT] Suspicious process detected: dbus-launch (PID: 3730)
[2025-05-27 05:15:47] [INFO] [ALERT] Suspicious process detected: dbus-launch (PID: 4206)
[2025-05-27 05:15:47] [INFO] [ALERT] Suspicious process detected: python3 (PID: 31581)
[2025-05-27 05:15:47] [INFO] [ALERT] Suspicious process detected: python3.13 (PID: 39102)
[2025-05-27 05:15:52] [INFO] [ALERT] Suspicious process detected: kworker/r-sync_wq (PID: 5)
[2025-05-27 05:15:52] [INFO] [ALERT] Suspicious process detected: systemd-timesyncd (PID: 425)
[2025-05-27 05:15:52] [INFO] [ALERT] Suspicious process detected: at-spi-bus-launcher (PID: 1063)
[2025-05-27 05:15:52] [INFO] [ALERT] Suspicious process detected: dbus-launch (PID: 3730)
[2025-05-27 05:15:52] [INFO] [ALERT] Suspicious process detected: dbus-launch (PID: 4206)
[2025-05-27 05:15:52] [INFO] [ALERT] Suspicious process detected: python3 (PID: 31581)
[2025-05-27 05:15:52] [INFO] [ALERT] Suspicious process detected: python3.13 (PID: 39102)
[2025-05-27 05:15:57] [INFO] [ALERT] Suspicious process detected: kworker/r-sync_wq (PID: 5)
[2025-05-27 05:15:57] [INFO] [ALERT] Suspicious process detected: systemd-timesyncd (PID: 425)
[2025-05-27 05:15:57] [INFO] [ALERT] Suspicious process detected: at-spi-bus-launcher (PID: 1063)
[2025-05-27 05:15:57] [INFO] [ALERT] Suspicious process detected: dbus-launch (PID: 3730)
[2025-05-27 05:15:57] [INFO] [ALERT] Suspicious process detected: dbus-launch (PID: 4206)
[2025-05-27 05:15:57] [INFO] [ALERT] Suspicious process detected: python3 (PID: 31581)
[2025-05-27 05:15:57] [INFO] [ALERT] Suspicious process detected: python3.13 (PID: 39102)
[2025-05-27 05:16:02] [INFO] [ALERT] Suspicious process detected: kworker/r-sync_wq (PID: 5)
[2025-05-27 05:16:02] [INFO] [ALERT] Suspicious process detected: systemd-timesyncd (PID: 425)
[2025-05-27 05:16:02] [INFO] [ALERT] Suspicious process detected: at-spi-bus-launcher (PID: 1063)
[2025-05-27 05:16:02] [INFO] [ALERT] Suspicious process detected: dbus-launch (PID: 3730)
[2025-05-27 05:16:02] [INFO] [ALERT] Suspicious process detected: dbus-launch (PID: 4206)
[2025-05-27 05:16:02] [INFO] [ALERT] Suspicious process detected: python3 (PID: 31581)
[2025-05-27 05:16:02] [INFO] [ALERT] Suspicious process detected: python3.13 (PID: 39102)
[2025-05-27 05:16:07] [INFO] [ALERT] Suspicious process detected: kworker/r-sync_wq (PID: 5)
[2025-05-27 05:16:07] [INFO] [ALERT] Suspicious process detected: systemd-timesyncd (PID: 425)
[2025-05-27 05:16:07] [INFO] [ALERT] Suspicious process detected: at-spi-bus-launcher (PID: 1063)
[2025-05-27 05:16:07] [INFO] [ALERT] Suspicious process detected: dbus-launch (PID: 3730)
[2025-05-27 05:16:07] [INFO] [ALERT] Suspicious process detected: dbus-launch (PID: 4206)
[2025-05-27 05:16:07] [INFO] [ALERT] Suspicious process detected: python3 (PID: 31581)
[2025-05-27 05:16:07] [INFO] [ALERT] Suspicious process detected: python3.13 (PID: 39102)
[2025-05-27 05:16:12] [INFO] [ALERT] Suspicious process detected: kworker/r-sync_wq (PID: 5)
[2025-05-27 05:16:12] [INFO] [ALERT] Suspicious process detected: systemd-timesyncd (PID: 425)
[2025-05-27 05:16:12] [INFO] [ALERT] Suspicious process detected: at-spi-bus-launcher (PID: 1063)
[2025-05-27 05:16:12] [INFO] [ALERT] Suspicious process detected: dbus-launch (PID: 3730)
[2025-05-27 05:16:12] [INFO] [ALERT] Suspicious process detected: dbus-launch (PID: 4206)
[2025-05-27 05:16:12] [INFO] [ALERT] Suspicious process detected: python3 (PID: 31581)
[2025-05-27 05:16:12] [INFO] [ALERT] Suspicious process detected: python3.13 (PID: 39102)
[2025-05-27 05:16:17] [INFO] [ALERT] Suspicious process detected: kworker/r-sync_wq (PID: 5)
[2025-05-27 05:16:17] [INFO] [ALERT] Suspicious process detected: systemd-timesyncd (PID: 425)
[2025-05-27 05:16:17] [INFO] [ALERT] Suspicious process detected: at-spi-bus-launcher (PID: 1063)
[2025-05-27 05:16:17] [INFO] [ALERT] Suspicious process detected: dbus-launch (PID: 3730)
[2025-05-27 05:16:17] [INFO] [ALERT] Suspicious process detected: dbus-launch (PID: 4206)
[2025-05-27 05:16:17] [INFO] [ALERT] Suspicious process detected: python3 (PID: 31581)
[2025-05-27 05:16:17] [INFO] [ALERT] Suspicious process detected: python3.13 (PID: 39102)
[2025-05-27 05:16:22] [INFO] [ALERT] Suspicious process detected: kworker/r-sync_wq (PID: 5)
[2025-05-27 05:16:22] [INFO] [ALERT] Suspicious process detected: systemd-timesyncd (PID: 425)
[2025-05-27 05:16:22] [INFO] [ALERT] Suspicious process detected: at-spi-bus-launcher (PID: 1063)
[2025-05-27 05:16:22] [INFO] [ALERT] Suspicious process detected: dbus-launch (PID: 3730)
[2025-05-27 05:16:22] [INFO] [ALERT] Suspicious process detected: dbus-launch (PID: 4206)
[2025-05-27 05:16:22] [INFO] [ALERT] Suspicious process detected: python3 (PID: 31581)
[2025-05-27 05:16:22] [INFO] [ALERT] Suspicious process detected: python3.13 (PID: 39102)
[2025-05-27 05:16:27] [INFO] [ALERT] Suspicious process detected: kworker/r-sync_wq (PID: 5)
[2025-05-27 05:16:27] [INFO] [ALERT] Suspicious process detected: systemd-timesyncd (PID: 425)
[2025-05-27 05:16:27] [INFO] [ALERT] Suspicious process detected: at-spi-bus-launcher (PID: 1063)
[2025-05-27 05:16:27] [INFO] [ALERT] Suspicious process detected: dbus-launch (PID: 3730)
[2025-05-27 05:16:27] [INFO] [ALERT] Suspicious process detected: dbus-launch (PID: 4206)
[2025-05-27 05:16:27] [INFO] [ALERT] Suspicious process detected: python3 (PID: 31581)
[2025-05-27 05:16:27] [INFO] [ALERT] Suspicious process detected: python3.13 (PID: 39102)
[2025-05-27 05:16:32] [INFO] [ALERT] Suspicious process detected: kworker/r-sync_wq (PID: 5)
[2025-05-27 05:16:32] [INFO] [ALERT] Suspicious process detected: systemd-timesyncd (PID: 425)
[2025-05-27 05:16:32] [INFO] [ALERT] Suspicious process detected: at-spi-bus-launcher (PID: 1063)
[2025-05-27 05:16:32] [INFO] [ALERT] Suspicious process detected: dbus-launch (PID: 3730)
[2025-05-27 05:16:32] [INFO] [ALERT] Suspicious process detected: dbus-launch (PID: 4206)
[2025-05-27 05:16:32] [INFO] [ALERT] Suspicious process detected: python3 (PID: 31581)
[2025-05-27 05:16:32] [INFO] [ALERT] Suspicious process detected: python3.13 (PID: 39102)
[2025-05-27 05:16:37] [INFO] [ALERT] Suspicious process detected: kworker/r-sync_wq (PID: 5)
[2025-05-27 05:16:37] [INFO] [ALERT] Suspicious process detected: systemd-timesyncd (PID: 425)
[2025-05-27 05:16:37] [INFO] [ALERT] Suspicious process detected: at-spi-bus-launcher (PID: 1063)
[2025-05-27 05:16:37] [INFO] [ALERT] Suspicious process detected: dbus-launch (PID: 3730)
[2025-05-27 05:16:37] [INFO] [ALERT] Suspicious process detected: dbus-launch (PID: 4206)
[2025-05-27 05:16:38] [INFO] [ALERT] Suspicious process detected: python3 (PID: 31581)
[2025-05-27 05:16:38] [INFO] [ALERT] Suspicious process detected: python3.13 (PID: 39102)
[2025-05-27 05:16:43] [INFO] [ALERT] Suspicious process detected: kworker/r-sync_wq (PID: 5)
[2025-05-27 05:16:43] [INFO] [ALERT] Suspicious process detected: systemd-timesyncd (PID: 425)
[2025-05-27 05:16:43] [INFO] [ALERT] Suspicious process detected: at-spi-bus-launcher (PID: 1063)
[2025-05-27 05:16:43] [INFO] [ALERT] Suspicious process detected: dbus-launch (PID: 3730)
[2025-05-27 05:16:43] [INFO] [ALERT] Suspicious process detected: dbus-launch (PID: 4206)
[2025-05-27 05:16:43] [INFO] [ALERT] Suspicious process detected: python3 (PID: 31581)
[2025-05-27 05:16:43] [INFO] [ALERT] Suspicious process detected: python3.13 (PID: 39102)
[2025-05-27 05:16:48] [INFO] [ALERT] Suspicious process detected: kworker/r-sync_wq (PID: 5)
[2025-05-27 05:16:48] [INFO] [ALERT] Suspicious process detected: systemd-timesyncd (PID: 425)
[2025-05-27 05:16:48] [INFO] [ALERT] Suspicious process detected: at-spi-bus-launcher (PID: 1063)
[2025-05-27 05:16:48] [INFO] [ALERT] Suspicious process detected: dbus-launch (PID: 3730)
[2025-05-27 05:16:48] [INFO] [ALERT] Suspicious process detected: dbus-launch (PID: 4206)
[2025-05-27 05:16:48] [INFO] [ALERT] Suspicious process detected: python3 (PID: 31581)
[2025-05-27 05:16:48] [INFO] [ALERT] Suspicious process detected: python3.13 (PID: 39102)
[2025-05-27 05:16:53] [INFO] [ALERT] Suspicious process detected: kworker/r-sync_wq (PID: 5)
[2025-05-27 05:16:53] [INFO] [ALERT] Suspicious process detected: systemd-timesyncd (PID: 425)
[2025-05-27 05:16:53] [INFO] [ALERT] Suspicious process detected: at-spi-bus-launcher (PID: 1063)
[2025-05-27 05:16:53] [INFO] [ALERT] Suspicious process detected: dbus-launch (PID: 3730)
[2025-05-27 05:16:53] [INFO] [ALERT] Suspicious process detected: dbus-launch (PID: 4206)
[2025-05-27 05:16:53] [INFO] [ALERT] Suspicious process detected: python3 (PID: 31581)
[2025-05-27 05:16:53] [INFO] [ALERT] Suspicious process detected: python3.13 (PID: 39102)
[2025-05-27 05:16:58] [INFO] [ALERT] Suspicious process detected: kworker/r-sync_wq (PID: 5)
[2025-05-27 05:16:58] [INFO] [ALERT] Suspicious process detected: systemd-timesyncd (PID: 425)
[2025-05-27 05:16:58] [INFO] [ALERT] Suspicious process detected: at-spi-bus-launcher (PID: 1063)
[2025-05-27 05:16:58] [INFO] [ALERT] Suspicious process detected: dbus-launch (PID: 3730)
[2025-05-27 05:16:58] [INFO] [ALERT] Suspicious process detected: dbus-launch (PID: 4206)
[2025-05-27 05:16:58] [INFO] [ALERT] Suspicious process detected: python3 (PID: 31581)
[2025-05-27 05:16:58] [INFO] [ALERT] Suspicious process detected: python3.13 (PID: 39102)
[2025-05-27 05:17:03] [INFO] [ALERT] Suspicious process detected: kworker/r-sync_wq (PID: 5)
[2025-05-27 05:17:03] [INFO] [ALERT] Suspicious process detected: systemd-timesyncd (PID: 425)
[2025-05-27 05:17:03] [INFO] [ALERT] Suspicious process detected: at-spi-bus-launcher (PID: 1063)
[2025-05-27 05:17:03] [INFO] [ALERT] Suspicious process detected: dbus-launch (PID: 3730)
[2025-05-27 05:17:03] [INFO] [ALERT] Suspicious process detected: dbus-launch (PID: 4206)
[2025-05-27 05:17:03] [INFO] [ALERT] Suspicious process detected: python3 (PID: 31581)
[2025-05-27 05:17:03] [INFO] [ALERT] Suspicious process detected: python3.13 (PID: 39102)
[2025-05-27 05:17:08] [INFO] [ALERT] Suspicious process detected: kworker/r-sync_wq (PID: 5)
[2025-05-27 05:17:08] [INFO] [ALERT] Suspicious process detected: systemd-timesyncd (PID: 425)
[2025-05-27 05:17:08] [INFO] [ALERT] Suspicious process detected: at-spi-bus-launcher (PID: 1063)
[2025-05-27 05:17:08] [INFO] [ALERT] Suspicious process detected: dbus-launch (PID: 3730)
[2025-05-27 05:17:08] [INFO] [ALERT] Suspicious process detected: dbus-launch (PID: 4206)
[2025-05-27 05:17:08] [INFO] [ALERT] Suspicious process detected: python3 (PID: 31581)
[2025-05-27 05:17:08] [INFO] [ALERT] Suspicious process detected: python3.13 (PID: 39102)
[2025-05-27 05:17:13] [INFO] [ALERT] Suspicious process detected: kworker/r-sync_wq (PID: 5)
[2025-05-27 05:17:13] [INFO] [ALERT] Suspicious process detected: systemd-timesyncd (PID: 425)
[2025-05-27 05:17:13] [INFO] [ALERT] Suspicious process detected: at-spi-bus-launcher (PID: 1063)
[2025-05-27 05:17:13] [INFO] [ALERT] Suspicious process detected: dbus-launch (PID: 3730)
[2025-05-27 05:17:13] [INFO] [ALERT] Suspicious process detected: dbus-launch (PID: 4206)
[2025-05-27 05:17:13] [INFO] [ALERT] Suspicious process detected: python3 (PID: 31581)
[2025-05-27 05:17:13] [INFO] [ALERT] Suspicious process detected: python3.13 (PID: 39102)
[2025-05-27 05:17:18] [INFO] [ALERT] Suspicious process detected: kworker/r-sync_wq (PID: 5)
[2025-05-27 05:17:18] [INFO] [ALERT] Suspicious process detected: systemd-timesyncd (PID: 425)
[2025-05-27 05:17:18] [INFO] [ALERT] Suspicious process detected: at-spi-bus-launcher (PID: 1063)
[2025-05-27 05:17:18] [INFO] [ALERT] Suspicious process detected: dbus-launch (PID: 3730)
[2025-05-27 05:17:18] [INFO] [ALERT] Suspicious process detected: dbus-launch (PID: 4206)
[2025-05-27 05:17:18] [INFO] [ALERT] Suspicious process detected: python3 (PID: 31581)
[2025-05-27 05:17:18] [INFO] [ALERT] Suspicious process detected: python3.13 (PID: 39102)
[2025-05-27 05:17:23] [INFO] [ALERT] Suspicious process detected: kworker/r-sync_wq (PID: 5)
[2025-05-27 05:17:23] [INFO] [ALERT] Suspicious process detected: systemd-timesyncd (PID: 425)
[2025-05-27 05:17:23] [INFO] [ALERT] Suspicious process detected: at-spi-bus-launcher (PID: 1063)
[2025-05-27 05:17:23] [INFO] [ALERT] Suspicious process detected: dbus-launch (PID: 3730)
[2025-05-27 05:17:23] [INFO] [ALERT] Suspicious process detected: dbus-launch (PID: 4206)
[2025-05-27 05:17:23] [INFO] [ALERT] Suspicious process detected: python3 (PID: 31581)
[2025-05-27 05:17:23] [INFO] [ALERT] Suspicious process detected: python3.13 (PID: 39102)
[2025-05-27 05:17:28] [INFO] [ALERT] Suspicious process detected: kworker/r-sync_wq (PID: 5)
[2025-05-27 05:17:28] [INFO] [ALERT] Suspicious process detected: systemd-timesyncd (PID: 425)
[2025-05-27 05:17:28] [INFO] [ALERT] Suspicious process detected: at-spi-bus-launcher (PID: 1063)
[2025-05-27 05:17:28] [INFO] [ALERT] Suspicious process detected: dbus-launch (PID: 3730)
[2025-05-27 05:17:28] [INFO] [ALERT] Suspicious process detected: dbus-launch (PID: 4206)
[2025-05-27 05:17:28] [INFO] [ALERT] Suspicious process detected: python3 (PID: 31581)
[2025-05-27 05:17:28] [INFO] [ALERT] Suspicious process detected: python3.13 (PID: 39102)
[2025-05-27 05:17:33] [INFO] [ALERT] Suspicious process detected: kworker/r-sync_wq (PID: 5)
[2025-05-27 05:17:33] [INFO] [ALERT] Suspicious process detected: systemd-timesyncd (PID: 425)
[2025-05-27 05:17:33] [INFO] [ALERT] Suspicious process detected: at-spi-bus-launcher (PID: 1063)
[2025-05-27 05:17:33] [INFO] [ALERT] Suspicious process detected: dbus-launch (PID: 3730)
[2025-05-27 05:17:33] [INFO] [ALERT] Suspicious process detected: dbus-launch (PID: 4206)
[2025-05-27 05:17:33] [INFO] [ALERT] Suspicious process detected: python3 (PID: 31581)
[2025-05-27 05:17:33] [INFO] [ALERT] Suspicious process detected: python3.13 (PID: 39102)
[2025-05-27 05:17:38] [INFO] [ALERT] Suspicious process detected: kworker/r-sync_wq (PID: 5)
[2025-05-27 05:17:38] [INFO] [ALERT] Suspicious process detected: systemd-timesyncd (PID: 425)
[2025-05-27 05:17:38] [INFO] [ALERT] Suspicious process detected: at-spi-bus-launcher (PID: 1063)
[2025-05-27 05:17:38] [INFO] [ALERT] Suspicious process detected: dbus-launch (PID: 3730)
[2025-05-27 05:17:38] [INFO] [ALERT] Suspicious process detected: dbus-launch (PID: 4206)
[2025-05-27 05:17:38] [INFO] [ALERT] Suspicious process detected: python3 (PID: 31581)
[2025-05-27 05:17:38] [INFO] [ALERT] Suspicious process detected: python3.13 (PID: 39102)
[2025-05-27 05:17:43] [INFO] [ALERT] Suspicious process detected: kworker/r-sync_wq (PID: 5)
[2025-05-27 05:17:44] [INFO] [ALERT] Suspicious process detected: systemd-timesyncd (PID: 425)
[2025-05-27 05:17:44] [INFO] [ALERT] Suspicious process detected: at-spi-bus-launcher (PID: 1063)
[2025-05-27 05:17:44] [INFO] [ALERT] Suspicious process detected: dbus-launch (PID: 3730)
[2025-05-27 05:17:44] [INFO] [ALERT] Suspicious process detected: dbus-launch (PID: 4206)
[2025-05-27 05:17:44] [INFO] [ALERT] Suspicious process detected: python3 (PID: 31581)
[2025-05-27 05:17:44] [INFO] [ALERT] Suspicious process detected: python3.13 (PID: 39102)
[2025-05-27 05:17:49] [INFO] [ALERT] Suspicious process detected: kworker/r-sync_wq (PID: 5)
[2025-05-27 05:17:49] [INFO] [ALERT] Suspicious process detected: systemd-timesyncd (PID: 425)
[2025-05-27 05:17:49] [INFO] [ALERT] Suspicious process detected: at-spi-bus-launcher (PID: 1063)
[2025-05-27 05:17:49] [INFO] [ALERT] Suspicious process detected: dbus-launch (PID: 3730)
[2025-05-27 05:17:49] [INFO] [ALERT] Suspicious process detected: dbus-launch (PID: 4206)
[2025-05-27 05:17:49] [INFO] [ALERT] Suspicious process detected: python3 (PID: 31581)
[2025-05-27 05:17:49] [INFO] [ALERT] Suspicious process detected: python3.13 (PID: 39102)
[2025-05-27 05:17:54] [INFO] [ALERT] Suspicious process detected: kworker/r-sync_wq (PID: 5)
[2025-05-27 05:17:54] [INFO] [ALERT] Suspicious process detected: systemd-timesyncd (PID: 425)
[2025-05-27 05:17:54] [INFO] [ALERT] Suspicious process detected: at-spi-bus-launcher (PID: 1063)
[2025-05-27 05:17:54] [INFO] [ALERT] Suspicious process detected: dbus-launch (PID: 3730)
[2025-05-27 05:17:54] [INFO] [ALERT] Suspicious process detected: dbus-launch (PID: 4206)
[2025-05-27 05:17:54] [INFO] [ALERT] Suspicious process detected: python3 (PID: 31581)
[2025-05-27 05:17:54] [INFO] [ALERT] Suspicious process detected: python3.13 (PID: 39102)
[2025-05-27 05:17:59] [INFO] [ALERT] Suspicious process detected: kworker/r-sync_wq (PID: 5)
[2025-05-27 05:17:59] [INFO] [ALERT] Suspicious process detected: systemd-timesyncd (PID: 425)
[2025-05-27 05:17:59] [INFO] [ALERT] Suspicious process detected: at-spi-bus-launcher (PID: 1063)
[2025-05-27 05:17:59] [INFO] [ALERT] Suspicious process detected: dbus-launch (PID: 3730)
[2025-05-27 05:17:59] [INFO] [ALERT] Suspicious process detected: dbus-launch (PID: 4206)
[2025-05-27 05:17:59] [INFO] [ALERT] Suspicious process detected: python3 (PID: 31581)
[2025-05-27 05:17:59] [INFO] [ALERT] Suspicious process detected: python3.13 (PID: 39102)
[2025-05-27 05:18:04] [INFO] [ALERT] Suspicious process detected: kworker/r-sync_wq (PID: 5)
[2025-05-27 05:18:04] [INFO] [ALERT] Suspicious process detected: systemd-timesyncd (PID: 425)
[2025-05-27 05:18:04] [INFO] [ALERT] Suspicious process detected: at-spi-bus-launcher (PID: 1063)
[2025-05-27 05:18:04] [INFO] [ALERT] Suspicious process detected: dbus-launch (PID: 3730)
[2025-05-27 05:18:04] [INFO] [ALERT] Suspicious process detected: dbus-launch (PID: 4206)
[2025-05-27 05:18:04] [INFO] [ALERT] Suspicious process detected: python3 (PID: 31581)
[2025-05-27 05:18:04] [INFO] [ALERT] Suspicious process detected: python3.13 (PID: 39102)
[2025-05-27 05:18:09] [INFO] [ALERT] Suspicious process detected: kworker/r-sync_wq (PID: 5)
[2025-05-27 05:18:09] [INFO] [ALERT] Suspicious process detected: systemd-timesyncd (PID: 425)
[2025-05-27 05:18:09] [INFO] [ALERT] Suspicious process detected: at-spi-bus-launcher (PID: 1063)
[2025-05-27 05:18:09] [INFO] [ALERT] Suspicious process detected: dbus-launch (PID: 3730)
[2025-05-27 05:18:09] [INFO] [ALERT] Suspicious process detected: dbus-launch (PID: 4206)
[2025-05-27 05:18:09] [INFO] [ALERT] Suspicious process detected: python3 (PID: 31581)
[2025-05-27 05:18:09] [INFO] [ALERT] Suspicious process detected: python3.13 (PID: 39102)
[2025-05-27 05:18:14] [INFO] [ALERT] Suspicious process detected: kworker/r-sync_wq (PID: 5)
[2025-05-27 05:18:14] [INFO] [ALERT] Suspicious process detected: systemd-timesyncd (PID: 425)
[2025-05-27 05:18:14] [INFO] [ALERT] Suspicious process detected: at-spi-bus-launcher (PID: 1063)
[2025-05-27 05:18:14] [INFO] [ALERT] Suspicious process detected: dbus-launch (PID: 3730)
[2025-05-27 05:18:14] [INFO] [ALERT] Suspicious process detected: dbus-launch (PID: 4206)
[2025-05-27 05:18:14] [INFO] [ALERT] Suspicious process detected: python3 (PID: 31581)
[2025-05-27 05:18:14] [INFO] [ALERT] Suspicious process detected: python3.13 (PID: 39102)
[2025-05-27 05:18:19] [INFO] [ALERT] Suspicious process detected: kworker/r-sync_wq (PID: 5)
[2025-05-27 05:18:19] [INFO] [ALERT] Suspicious process detected: systemd-timesyncd (PID: 425)
[2025-05-27 05:18:19] [INFO] [ALERT] Suspicious process detected: at-spi-bus-launcher (PID: 1063)
[2025-05-27 05:18:19] [INFO] [ALERT] Suspicious process detected: dbus-launch (PID: 3730)
[2025-05-27 05:18:19] [INFO] [ALERT] Suspicious process detected: dbus-launch (PID: 4206)
[2025-05-27 05:18:19] [INFO] [ALERT] Suspicious process detected: python3 (PID: 31581)
[2025-05-27 05:18:19] [INFO] [ALERT] Suspicious process detected: python3.13 (PID: 39102)
[2025-05-27 05:18:24] [INFO] [ALERT] Suspicious process detected: kworker/r-sync_wq (PID: 5)
[2025-05-27 05:18:24] [INFO] [ALERT] Suspicious process detected: systemd-timesyncd (PID: 425)
[2025-05-27 05:18:24] [INFO] [ALERT] Suspicious process detected: at-spi-bus-launcher (PID: 1063)
[2025-05-27 05:18:24] [INFO] [ALERT] Suspicious process detected: dbus-launch (PID: 3730)
[2025-05-27 05:18:24] [INFO] [ALERT] Suspicious process detected: dbus-launch (PID: 4206)
[2025-05-27 05:18:24] [INFO] [ALERT] Suspicious process detected: python3 (PID: 31581)
[2025-05-27 05:18:24] [INFO] [ALERT] Suspicious process detected: python3.13 (PID: 39102)
[2025-05-27 05:18:29] [INFO] [ALERT] Suspicious process detected: kworker/r-sync_wq (PID: 5)
[2025-05-27 05:18:29] [INFO] [ALERT] Suspicious process detected: systemd-timesyncd (PID: 425)
[2025-05-27 05:18:29] [INFO] [ALERT] Suspicious process detected: at-spi-bus-launcher (PID: 1063)
[2025-05-27 05:18:29] [INFO] [ALERT] Suspicious process detected: dbus-launch (PID: 3730)
[2025-05-27 05:18:29] [INFO] [ALERT] Suspicious process detected: dbus-launch (PID: 4206)
[2025-05-27 05:18:29] [INFO] [ALERT] Suspicious process detected: python3 (PID: 31581)
[2025-05-27 05:18:29] [INFO] [ALERT] Suspicious process detected: python3.13 (PID: 39102)
[2025-05-27 05:18:34] [INFO] [ALERT] Suspicious process detected: kworker/r-sync_wq (PID: 5)
[2025-05-27 05:18:34] [INFO] [ALERT] Suspicious process detected: systemd-timesyncd (PID: 425)
[2025-05-27 05:18:34] [INFO] [ALERT] Suspicious process detected: at-spi-bus-launcher (PID: 1063)
[2025-05-27 05:18:34] [INFO] [ALERT] Suspicious process detected: dbus-launch (PID: 3730)
[2025-05-27 05:18:34] [INFO] [ALERT] Suspicious process detected: dbus-launch (PID: 4206)
[2025-05-27 05:18:34] [INFO] [ALERT] Suspicious process detected: python3 (PID: 31581)
[2025-05-27 05:18:34] [INFO] [ALERT] Suspicious process detected: python3.13 (PID: 39102)
[2025-05-27 05:18:39] [INFO] [ALERT] Suspicious process detected: kworker/r-sync_wq (PID: 5)
[2025-05-27 05:18:39] [INFO] [ALERT] Suspicious process detected: systemd-timesyncd (PID: 425)
[2025-05-27 05:18:39] [INFO] [ALERT] Suspicious process detected: at-spi-bus-launcher (PID: 1063)
[2025-05-27 05:18:39] [INFO] [ALERT] Suspicious process detected: dbus-launch (PID: 3730)
[2025-05-27 05:18:39] [INFO] [ALERT] Suspicious process detected: dbus-launch (PID: 4206)
[2025-05-27 05:18:39] [INFO] [ALERT] Suspicious process detected: python3 (PID: 31581)
[2025-05-27 05:18:39] [INFO] [ALERT] Suspicious process detected: python3.13 (PID: 39102)
[2025-05-27 05:18:44] [INFO] [ALERT] Suspicious process detected: kworker/r-sync_wq (PID: 5)
[2025-05-27 05:18:44] [INFO] [ALERT] Suspicious process detected: systemd-timesyncd (PID: 425)
[2025-05-27 05:18:44] [INFO] [ALERT] Suspicious process detected: at-spi-bus-launcher (PID: 1063)
[2025-05-27 05:18:45] [INFO] [ALERT] Suspicious process detected: dbus-launch (PID: 3730)
[2025-05-27 05:18:45] [INFO] [ALERT] Suspicious process detected: dbus-launch (PID: 4206)
[2025-05-27 05:18:45] [INFO] [ALERT] Suspicious process detected: python3 (PID: 31581)
[2025-05-27 05:18:45] [INFO] [ALERT] Suspicious process detected: python3.13 (PID: 39102)
[2025-05-27 05:18:50] [INFO] [ALERT] Suspicious process detected: kworker/r-sync_wq (PID: 5)
[2025-05-27 05:18:50] [INFO] [ALERT] Suspicious process detected: systemd-timesyncd (PID: 425)
[2025-05-27 05:18:50] [INFO] [ALERT] Suspicious process detected: at-spi-bus-launcher (PID: 1063)
[2025-05-27 05:18:50] [INFO] [ALERT] Suspicious process detected: dbus-launch (PID: 3730)
[2025-05-27 05:18:50] [INFO] [ALERT] Suspicious process detected: dbus-launch (PID: 4206)
[2025-05-27 05:18:50] [INFO] [ALERT] Suspicious process detected: python3 (PID: 31581)
[2025-05-27 05:18:50] [INFO] [ALERT] Suspicious process detected: python3.13 (PID: 39102)
[2025-05-27 05:18:55] [INFO] [ALERT] Suspicious process detected: kworker/r-sync_wq (PID: 5)
[2025-05-27 05:18:55] [INFO] [ALERT] Suspicious process detected: systemd-timesyncd (PID: 425)
[2025-05-27 05:18:55] [INFO] [ALERT] Suspicious process detected: at-spi-bus-launcher (PID: 1063)
[2025-05-27 05:18:55] [INFO] [ALERT] Suspicious process detected: dbus-launch (PID: 3730)
[2025-05-27 05:18:55] [INFO] [ALERT] Suspicious process detected: dbus-launch (PID: 4206)
[2025-05-27 05:18:55] [INFO] [ALERT] Suspicious process detected: python3 (PID: 31581)
[2025-05-27 05:18:55] [INFO] [ALERT] Suspicious process detected: python3.13 (PID: 39102)
[2025-05-27 05:19:00] [INFO] [ALERT] Suspicious process detected: kworker/r-sync_wq (PID: 5)
[2025-05-27 05:19:00] [INFO] [ALERT] Suspicious process detected: systemd-timesyncd (PID: 425)
[2025-05-27 05:19:00] [INFO] [ALERT] Suspicious process detected: at-spi-bus-launcher (PID: 1063)
[2025-05-27 05:19:00] [INFO] [ALERT] Suspicious process detected: dbus-launch (PID: 3730)
[2025-05-27 05:19:00] [INFO] [ALERT] Suspicious process detected: dbus-launch (PID: 4206)
[2025-05-27 05:19:00] [INFO] [ALERT] Suspicious process detected: python3 (PID: 31581)
[2025-05-27 05:19:00] [INFO] [ALERT] Suspicious process detected: python3.13 (PID: 39102)
[2025-05-27 05:19:05] [INFO] [ALERT] Suspicious process detected: kworker/r-sync_wq (PID: 5)
[2025-05-27 05:19:05] [INFO] [ALERT] Suspicious process detected: systemd-timesyncd (PID: 425)
[2025-05-27 05:19:05] [INFO] [ALERT] Suspicious process detected: at-spi-bus-launcher (PID: 1063)
[2025-05-27 05:19:05] [INFO] [ALERT] Suspicious process detected: dbus-launch (PID: 3730)
[2025-05-27 05:19:05] [INFO] [ALERT] Suspicious process detected: dbus-launch (PID: 4206)
[2025-05-27 05:19:05] [INFO] [ALERT] Suspicious process detected: python3 (PID: 31581)
[2025-05-27 05:19:05] [INFO] [ALERT] Suspicious process detected: python3.13 (PID: 39102)
[2025-05-27 05:19:10] [INFO] [ALERT] Suspicious process detected: kworker/r-sync_wq (PID: 5)
[2025-05-27 05:19:10] [INFO] [ALERT] Suspicious process detected: systemd-timesyncd (PID: 425)
[2025-05-27 05:19:10] [INFO] [ALERT] Suspicious process detected: at-spi-bus-launcher (PID: 1063)
[2025-05-27 05:19:10] [INFO] [ALERT] Suspicious process detected: dbus-launch (PID: 3730)
[2025-05-27 05:19:10] [INFO] [ALERT] Suspicious process detected: dbus-launch (PID: 4206)
[2025-05-27 05:19:10] [INFO] [ALERT] Suspicious process detected: python3 (PID: 31581)
[2025-05-27 05:19:10] [INFO] [ALERT] Suspicious process detected: python3.13 (PID: 39102)
[2025-05-27 05:19:15] [INFO] [ALERT] Suspicious process detected: kworker/r-sync_wq (PID: 5)
[2025-05-27 05:19:15] [INFO] [ALERT] Suspicious process detected: systemd-timesyncd (PID: 425)
[2025-05-27 05:19:15] [INFO] [ALERT] Suspicious process detected: at-spi-bus-launcher (PID: 1063)
[2025-05-27 05:19:15] [INFO] [ALERT] Suspicious process detected: dbus-launch (PID: 3730)
[2025-05-27 05:19:15] [INFO] [ALERT] Suspicious process detected: dbus-launch (PID: 4206)
[2025-05-27 05:19:15] [INFO] [ALERT] Suspicious process detected: python3 (PID: 31581)
[2025-05-27 05:19:15] [INFO] [ALERT] Suspicious process detected: python3.13 (PID: 39102)
[2025-05-27 05:19:20] [INFO] [ALERT] Suspicious process detected: kworker/r-sync_wq (PID: 5)
[2025-05-27 05:19:20] [INFO] [ALERT] Suspicious process detected: systemd-timesyncd (PID: 425)
[2025-05-27 05:19:20] [INFO] [ALERT] Suspicious process detected: at-spi-bus-launcher (PID: 1063)
[2025-05-27 05:19:20] [INFO] [ALERT] Suspicious process detected: dbus-launch (PID: 3730)
[2025-05-27 05:19:20] [INFO] [ALERT] Suspicious process detected: dbus-launch (PID: 4206)
[2025-05-27 05:19:20] [INFO] [ALERT] Suspicious process detected: python3 (PID: 31581)
[2025-05-27 05:19:20] [INFO] [ALERT] Suspicious process detected: python3.13 (PID: 39102)
[2025-05-27 05:19:25] [INFO] [ALERT] Suspicious process detected: kworker/r-sync_wq (PID: 5)
[2025-05-27 05:19:25] [INFO] [ALERT] Suspicious process detected: systemd-timesyncd (PID: 425)
[2025-05-27 05:19:25] [INFO] [ALERT] Suspicious process detected: at-spi-bus-launcher (PID: 1063)
[2025-05-27 05:19:25] [INFO] [ALERT] Suspicious process detected: dbus-launch (PID: 3730)
[2025-05-27 05:19:25] [INFO] [ALERT] Suspicious process detected: dbus-launch (PID: 4206)
[2025-05-27 05:19:25] [INFO] [ALERT] Suspicious process detected: python3 (PID: 31581)
[2025-05-27 05:19:25] [INFO] [ALERT] Suspicious process detected: python3.13 (PID: 39102)
[2025-05-27 05:19:30] [INFO] [ALERT] Suspicious process detected: kworker/r-sync_wq (PID: 5)
[2025-05-27 05:19:30] [INFO] [ALERT] Suspicious process detected: systemd-timesyncd (PID: 425)
[2025-05-27 05:19:30] [INFO] [ALERT] Suspicious process detected: at-spi-bus-launcher (PID: 1063)
[2025-05-27 05:19:30] [INFO] [ALERT] Suspicious process detected: dbus-launch (PID: 3730)
[2025-05-27 05:19:30] [INFO] [ALERT] Suspicious process detected: dbus-launch (PID: 4206)
[2025-05-27 05:19:30] [INFO] [ALERT] Suspicious process detected: python3 (PID: 31581)
[2025-05-27 05:19:30] [INFO] [ALERT] Suspicious process detected: python3.13 (PID: 39102)
[2025-05-27 05:19:35] [INFO] [ALERT] Suspicious process detected: kworker/r-sync_wq (PID: 5)
[2025-05-27 05:19:35] [INFO] [ALERT] Suspicious process detected: systemd-timesyncd (PID: 425)
[2025-05-27 05:19:35] [INFO] [ALERT] Suspicious process detected: at-spi-bus-launcher (PID: 1063)
[2025-05-27 05:19:35] [INFO] [ALERT] Suspicious process detected: dbus-launch (PID: 3730)
[2025-05-27 05:19:35] [INFO] [ALERT] Suspicious process detected: dbus-launch (PID: 4206)
[2025-05-27 05:19:35] [INFO] [ALERT] Suspicious process detected: python3 (PID: 31581)
[2025-05-27 05:19:35] [INFO] [ALERT] Suspicious process detected: python3.13 (PID: 39102)
[2025-05-27 05:19:40] [INFO] [ALERT] Suspicious process detected: kworker/r-sync_wq (PID: 5)
[2025-05-27 05:19:40] [INFO] [ALERT] Suspicious process detected: systemd-timesyncd (PID: 425)
[2025-05-27 05:19:41] [INFO] [ALERT] Suspicious process detected: at-spi-bus-launcher (PID: 1063)
[2025-05-27 05:19:41] [INFO] [ALERT] Suspicious process detected: dbus-launch (PID: 3730)
[2025-05-27 05:19:41] [INFO] [ALERT] Suspicious process detected: dbus-launch (PID: 4206)
[2025-05-27 05:19:41] [INFO] [ALERT] Suspicious process detected: python3 (PID: 31581)
[2025-05-27 05:19:41] [INFO] [ALERT] Suspicious process detected: python3.13 (PID: 39102)
[2025-05-27 05:19:46] [INFO] [ALERT] Suspicious process detected: kworker/r-sync_wq (PID: 5)
[2025-05-27 05:19:46] [INFO] [ALERT] Suspicious process detected: systemd-timesyncd (PID: 425)
[2025-05-27 05:19:46] [INFO] [ALERT] Suspicious process detected: at-spi-bus-launcher (PID: 1063)
[2025-05-27 05:19:46] [INFO] [ALERT] Suspicious process detected: dbus-launch (PID: 3730)
[2025-05-27 05:19:46] [INFO] [ALERT] Suspicious process detected: dbus-launch (PID: 4206)
[2025-05-27 05:19:46] [INFO] [ALERT] Suspicious process detected: python3 (PID: 31581)
[2025-05-27 05:19:46] [INFO] [ALERT] Suspicious process detected: python3.13 (PID: 39102)
[2025-05-27 05:19:51] [INFO] [ALERT] Suspicious process detected: kworker/r-sync_wq (PID: 5)
[2025-05-27 05:19:51] [INFO] [ALERT] Suspicious process detected: systemd-timesyncd (PID: 425)
[2025-05-27 05:19:51] [INFO] [ALERT] Suspicious process detected: at-spi-bus-launcher (PID: 1063)
[2025-05-27 05:19:51] [INFO] [ALERT] Suspicious process detected: dbus-launch (PID: 3730)
[2025-05-27 05:19:51] [INFO] [ALERT] Suspicious process detected: dbus-launch (PID: 4206)
[2025-05-27 05:19:51] [INFO] [ALERT] Suspicious process detected: python3 (PID: 31581)
[2025-05-27 05:19:51] [INFO] [ALERT] Suspicious process detected: python3.13 (PID: 39102)
[2025-05-27 05:19:56] [INFO] [ALERT] Suspicious process detected: kworker/r-sync_wq (PID: 5)
[2025-05-27 05:19:56] [INFO] [ALERT] Suspicious process detected: systemd-timesyncd (PID: 425)
[2025-05-27 05:19:56] [INFO] [ALERT] Suspicious process detected: at-spi-bus-launcher (PID: 1063)
[2025-05-27 05:19:56] [INFO] [ALERT] Suspicious process detected: dbus-launch (PID: 3730)
[2025-05-27 05:19:56] [INFO] [ALERT] Suspicious process detected: dbus-launch (PID: 4206)
[2025-05-27 05:19:56] [INFO] [ALERT] Suspicious process detected: python3 (PID: 31581)
[2025-05-27 05:19:56] [INFO] [ALERT] Suspicious process detected: python3.13 (PID: 39102)
[2025-05-27 05:20:01] [INFO] [ALERT] Suspicious process detected: kworker/r-sync_wq (PID: 5)
[2025-05-27 05:20:01] [INFO] [ALERT] Suspicious process detected: systemd-timesyncd (PID: 425)
[2025-05-27 05:20:01] [INFO] [ALERT] Suspicious process detected: at-spi-bus-launcher (PID: 1063)
[2025-05-27 05:20:01] [INFO] [ALERT] Suspicious process detected: dbus-launch (PID: 3730)
[2025-05-27 05:20:01] [INFO] [ALERT] Suspicious process detected: dbus-launch (PID: 4206)
[2025-05-27 05:20:01] [INFO] [ALERT] Suspicious process detected: python3 (PID: 31581)
[2025-05-27 05:20:01] [INFO] [ALERT] Suspicious process detected: python3.13 (PID: 39102)
[2025-05-27 05:20:06] [INFO] [ALERT] Suspicious process detected: kworker/r-sync_wq (PID: 5)
[2025-05-27 05:20:06] [INFO] [ALERT] Suspicious process detected: systemd-timesyncd (PID: 425)
[2025-05-27 05:20:06] [INFO] [ALERT] Suspicious process detected: at-spi-bus-launcher (PID: 1063)
[2025-05-27 05:20:06] [INFO] [ALERT] Suspicious process detected: dbus-launch (PID: 3730)
[2025-05-27 05:20:06] [INFO] [ALERT] Suspicious process detected: dbus-launch (PID: 4206)
[2025-05-27 05:20:06] [INFO] [ALERT] Suspicious process detected: python3 (PID: 31581)
[2025-05-27 05:20:06] [INFO] [ALERT] Suspicious process detected: python3.13 (PID: 39102)
[2025-05-27 05:20:11] [INFO] [ALERT] Suspicious process detected: kworker/r-sync_wq (PID: 5)
[2025-05-27 05:20:11] [INFO] [ALERT] Suspicious process detected: systemd-timesyncd (PID: 425)
[2025-05-27 05:20:11] [INFO] [ALERT] Suspicious process detected: at-spi-bus-launcher (PID: 1063)
[2025-05-27 05:20:11] [INFO] [ALERT] Suspicious process detected: dbus-launch (PID: 3730)
[2025-05-27 05:20:11] [INFO] [ALERT] Suspicious process detected: dbus-launch (PID: 4206)
[2025-05-27 05:20:11] [INFO] [ALERT] Suspicious process detected: python3 (PID: 31581)
[2025-05-27 05:20:11] [INFO] [ALERT] Suspicious process detected: python3.13 (PID: 39102)
[2025-05-27 05:20:16] [INFO] [ALERT] Suspicious process detected: kworker/r-sync_wq (PID: 5)
[2025-05-27 05:20:16] [INFO] [ALERT] Suspicious process detected: systemd-timesyncd (PID: 425)
[2025-05-27 05:20:16] [INFO] [ALERT] Suspicious process detected: at-spi-bus-launcher (PID: 1063)
[2025-05-27 05:20:16] [INFO] [ALERT] Suspicious process detected: dbus-launch (PID: 3730)
[2025-05-27 05:20:16] [INFO] [ALERT] Suspicious process detected: dbus-launch (PID: 4206)
[2025-05-27 05:20:16] [INFO] [ALERT] Suspicious process detected: python3 (PID: 31581)
[2025-05-27 05:20:16] [INFO] [ALERT] Suspicious process detected: python3.13 (PID: 39102)
[2025-05-27 05:20:21] [INFO] [ALERT] Suspicious process detected: kworker/r-sync_wq (PID: 5)
[2025-05-27 05:20:21] [INFO] [ALERT] Suspicious process detected: systemd-timesyncd (PID: 425)
[2025-05-27 05:20:21] [INFO] [ALERT] Suspicious process detected: at-spi-bus-launcher (PID: 1063)
[2025-05-27 05:20:21] [INFO] [ALERT] Suspicious process detected: dbus-launch (PID: 3730)
[2025-05-27 05:20:21] [INFO] [ALERT] Suspicious process detected: dbus-launch (PID: 4206)
[2025-05-27 05:20:21] [INFO] [ALERT] Suspicious process detected: python3 (PID: 31581)
[2025-05-27 05:20:21] [INFO] [ALERT] Suspicious process detected: python3.13 (PID: 39102)
[2025-05-27 05:20:26] [INFO] [ALERT] Suspicious process detected: kworker/r-sync_wq (PID: 5)
[2025-05-27 05:20:26] [INFO] [ALERT] Suspicious process detected: systemd-timesyncd (PID: 425)
[2025-05-27 05:20:26] [INFO] [ALERT] Suspicious process detected: at-spi-bus-launcher (PID: 1063)
[2025-05-27 05:20:26] [INFO] [ALERT] Suspicious process detected: dbus-launch (PID: 3730)
[2025-05-27 05:20:26] [INFO] [ALERT] Suspicious process detected: dbus-launch (PID: 4206)
[2025-05-27 05:20:26] [INFO] [ALERT] Suspicious process detected: python3 (PID: 31581)
[2025-05-27 05:20:26] [INFO] [ALERT] Suspicious process detected: python3.13 (PID: 39102)
[2025-05-27 05:20:31] [INFO] [ALERT] Suspicious process detected: kworker/r-sync_wq (PID: 5)
[2025-05-27 05:20:31] [INFO] [ALERT] Suspicious process detected: systemd-timesyncd (PID: 425)
[2025-05-27 05:20:31] [INFO] [ALERT] Suspicious process detected: at-spi-bus-launcher (PID: 1063)
[2025-05-27 05:20:31] [INFO] [ALERT] Suspicious process detected: dbus-launch (PID: 3730)
[2025-05-27 05:20:31] [INFO] [ALERT] Suspicious process detected: dbus-launch (PID: 4206)
[2025-05-27 05:20:31] [INFO] [ALERT] Suspicious process detected: python3 (PID: 31581)
[2025-05-27 05:20:31] [INFO] [ALERT] Suspicious process detected: python3.13 (PID: 39102)
[2025-05-27 05:20:36] [INFO] [ALERT] Suspicious process detected: kworker/r-sync_wq (PID: 5)
[2025-05-27 05:20:36] [INFO] [ALERT] Suspicious process detected: systemd-timesyncd (PID: 425)
[2025-05-27 05:20:36] [INFO] [ALERT] Suspicious process detected: at-spi-bus-launcher (PID: 1063)
[2025-05-27 05:20:36] [INFO] [ALERT] Suspicious process detected: dbus-launch (PID: 3730)
[2025-05-27 05:20:36] [INFO] [ALERT] Suspicious process detected: dbus-launch (PID: 4206)
[2025-05-27 05:20:36] [INFO] [ALERT] Suspicious process detected: python3 (PID: 31581)
[2025-05-27 05:20:36] [INFO] [ALERT] Suspicious process detected: python3.13 (PID: 39102)
[2025-05-27 05:20:41] [INFO] [ALERT] Suspicious process detected: kworker/r-sync_wq (PID: 5)
[2025-05-27 05:20:41] [INFO] [ALERT] Suspicious process detected: systemd-timesyncd (PID: 425)
[2025-05-27 05:20:41] [INFO] [ALERT] Suspicious process detected: at-spi-bus-launcher (PID: 1063)
[2025-05-27 05:20:41] [INFO] [ALERT] Suspicious process detected: dbus-launch (PID: 3730)
[2025-05-27 05:20:41] [INFO] [ALERT] Suspicious process detected: dbus-launch (PID: 4206)
[2025-05-27 05:20:41] [INFO] [ALERT] Suspicious process detected: python3 (PID: 31581)
[2025-05-27 05:20:41] [INFO] [ALERT] Suspicious process detected: python3.13 (PID: 39102)
[2025-05-27 05:20:46] [INFO] [ALERT] Suspicious process detected: kworker/r-sync_wq (PID: 5)
[2025-05-27 05:20:47] [INFO] [ALERT] Suspicious process detected: systemd-timesyncd (PID: 425)
[2025-05-27 05:20:47] [INFO] [ALERT] Suspicious process detected: at-spi-bus-launcher (PID: 1063)
[2025-05-27 05:20:47] [INFO] [ALERT] Suspicious process detected: dbus-launch (PID: 3730)
[2025-05-27 05:20:47] [INFO] [ALERT] Suspicious process detected: dbus-launch (PID: 4206)
[2025-05-27 05:20:47] [INFO] [ALERT] Suspicious process detected: python3 (PID: 31581)
[2025-05-27 05:20:47] [INFO] [ALERT] Suspicious process detected: python3.13 (PID: 39102)
[2025-05-27 05:20:52] [INFO] [ALERT] Suspicious process detected: kworker/r-sync_wq (PID: 5)
[2025-05-27 05:20:52] [INFO] [ALERT] Suspicious process detected: systemd-timesyncd (PID: 425)
[2025-05-27 05:20:52] [INFO] [ALERT] Suspicious process detected: at-spi-bus-launcher (PID: 1063)
[2025-05-27 05:20:52] [INFO] [ALERT] Suspicious process detected: dbus-launch (PID: 3730)
[2025-05-27 05:20:52] [INFO] [ALERT] Suspicious process detected: dbus-launch (PID: 4206)
[2025-05-27 05:20:52] [INFO] [ALERT] Suspicious process detected: python3 (PID: 31581)
[2025-05-27 05:20:52] [INFO] [ALERT] Suspicious process detected: python3.13 (PID: 39102)
[2025-05-27 05:20:57] [INFO] [ALERT] Suspicious process detected: kworker/r-sync_wq (PID: 5)
[2025-05-27 05:20:57] [INFO] [ALERT] Suspicious process detected: systemd-timesyncd (PID: 425)
[2025-05-27 05:20:57] [INFO] [ALERT] Suspicious process detected: at-spi-bus-launcher (PID: 1063)
[2025-05-27 05:20:57] [INFO] [ALERT] Suspicious process detected: dbus-launch (PID: 3730)
[2025-05-27 05:20:57] [INFO] [ALERT] Suspicious process detected: dbus-launch (PID: 4206)
[2025-05-27 05:20:57] [INFO] [ALERT] Suspicious process detected: python3 (PID: 31581)
[2025-05-27 05:20:57] [INFO] [ALERT] Suspicious process detected: python3.13 (PID: 39102)
[2025-05-27 05:21:02] [INFO] [ALERT] Suspicious process detected: kworker/r-sync_wq (PID: 5)
[2025-05-27 05:21:02] [INFO] [ALERT] Suspicious process detected: systemd-timesyncd (PID: 425)
[2025-05-27 05:21:02] [INFO] [ALERT] Suspicious process detected: at-spi-bus-launcher (PID: 1063)
[2025-05-27 05:21:02] [INFO] [ALERT] Suspicious process detected: dbus-launch (PID: 3730)
[2025-05-27 05:21:02] [INFO] [ALERT] Suspicious process detected: dbus-launch (PID: 4206)
[2025-05-27 05:21:02] [INFO] [ALERT] Suspicious process detected: python3 (PID: 31581)
[2025-05-27 05:21:02] [INFO] [ALERT] Suspicious process detected: python3.13 (PID: 39102)
[2025-05-27 05:21:07] [INFO] [ALERT] Suspicious process detected: kworker/r-sync_wq (PID: 5)
[2025-05-27 05:21:07] [INFO] [ALERT] Suspicious process detected: systemd-timesyncd (PID: 425)
[2025-05-27 05:21:07] [INFO] [ALERT] Suspicious process detected: at-spi-bus-launcher (PID: 1063)
[2025-05-27 05:21:07] [INFO] [ALERT] Suspicious process detected: dbus-launch (PID: 3730)
[2025-05-27 05:21:07] [INFO] [ALERT] Suspicious process detected: dbus-launch (PID: 4206)
[2025-05-27 05:21:07] [INFO] [ALERT] Suspicious process detected: python3 (PID: 31581)
[2025-05-27 05:21:07] [INFO] [ALERT] Suspicious process detected: python3.13 (PID: 39102)
[2025-05-27 05:21:12] [INFO] [ALERT] Suspicious process detected: kworker/r-sync_wq (PID: 5)
[2025-05-27 05:21:12] [INFO] [ALERT] Suspicious process detected: systemd-timesyncd (PID: 425)
[2025-05-27 05:21:12] [INFO] [ALERT] Suspicious process detected: at-spi-bus-launcher (PID: 1063)
[2025-05-27 05:21:12] [INFO] [ALERT] Suspicious process detected: dbus-launch (PID: 3730)
[2025-05-27 05:21:12] [INFO] [ALERT] Suspicious process detected: dbus-launch (PID: 4206)
[2025-05-27 05:21:12] [INFO] [ALERT] Suspicious process detected: python3 (PID: 31581)
[2025-05-27 05:21:12] [INFO] [ALERT] Suspicious process detected: python3.13 (PID: 39102)
[2025-05-27 05:21:17] [INFO] [ALERT] Suspicious process detected: kworker/r-sync_wq (PID: 5)
[2025-05-27 05:21:17] [INFO] [ALERT] Suspicious process detected: systemd-timesyncd (PID: 425)
[2025-05-27 05:21:17] [INFO] [ALERT] Suspicious process detected: at-spi-bus-launcher (PID: 1063)
[2025-05-27 05:21:17] [INFO] [ALERT] Suspicious process detected: dbus-launch (PID: 3730)
[2025-05-27 05:21:17] [INFO] [ALERT] Suspicious process detected: dbus-launch (PID: 4206)
[2025-05-27 05:21:17] [INFO] [ALERT] Suspicious process detected: python3 (PID: 31581)
[2025-05-27 05:21:17] [INFO] [ALERT] Suspicious process detected: python3.13 (PID: 39102)
[2025-05-27 05:21:22] [INFO] [ALERT] Suspicious process detected: kworker/r-sync_wq (PID: 5)
[2025-05-27 05:21:22] [INFO] [ALERT] Suspicious process detected: systemd-timesyncd (PID: 425)
[2025-05-27 05:21:22] [INFO] [ALERT] Suspicious process detected: at-spi-bus-launcher (PID: 1063)
[2025-05-27 05:21:22] [INFO] [ALERT] Suspicious process detected: dbus-launch (PID: 3730)
[2025-05-27 05:21:22] [INFO] [ALERT] Suspicious process detected: dbus-launch (PID: 4206)
[2025-05-27 05:21:22] [INFO] [ALERT] Suspicious process detected: python3 (PID: 31581)
[2025-05-27 05:21:22] [INFO] [ALERT] Suspicious process detected: python3.13 (PID: 39102)
[2025-05-27 05:21:27] [INFO] [ALERT] Suspicious process detected: kworker/r-sync_wq (PID: 5)
[2025-05-27 05:21:27] [INFO] [ALERT] Suspicious process detected: systemd-timesyncd (PID: 425)
[2025-05-27 05:21:27] [INFO] [ALERT] Suspicious process detected: at-spi-bus-launcher (PID: 1063)
[2025-05-27 05:21:27] [INFO] [ALERT] Suspicious process detected: dbus-launch (PID: 3730)
[2025-05-27 05:21:27] [INFO] [ALERT] Suspicious process detected: dbus-launch (PID: 4206)
[2025-05-27 05:21:27] [INFO] [ALERT] Suspicious process detected: python3 (PID: 31581)
[2025-05-27 05:21:27] [INFO] [ALERT] Suspicious process detected: python3.13 (PID: 39102)
[2025-05-27 05:21:32] [INFO] [ALERT] Suspicious process detected: kworker/r-sync_wq (PID: 5)
[2025-05-27 05:21:32] [INFO] [ALERT] Suspicious process detected: systemd-timesyncd (PID: 425)
[2025-05-27 05:21:32] [INFO] [ALERT] Suspicious process detected: at-spi-bus-launcher (PID: 1063)
[2025-05-27 05:21:32] [INFO] [ALERT] Suspicious process detected: dbus-launch (PID: 3730)
[2025-05-27 05:21:32] [INFO] [ALERT] Suspicious process detected: dbus-launch (PID: 4206)
[2025-05-27 05:21:32] [INFO] [ALERT] Suspicious process detected: python3 (PID: 31581)
[2025-05-27 05:21:32] [INFO] [ALERT] Suspicious process detected: python3.13 (PID: 39102)
[2025-05-27 05:21:37] [INFO] [ALERT] Suspicious process detected: kworker/r-sync_wq (PID: 5)
[2025-05-27 05:21:37] [INFO] [ALERT] Suspicious process detected: systemd-timesyncd (PID: 425)
[2025-05-27 05:21:37] [INFO] [ALERT] Suspicious process detected: at-spi-bus-launcher (PID: 1063)
[2025-05-27 05:21:37] [INFO] [ALERT] Suspicious process detected: dbus-launch (PID: 3730)
[2025-05-27 05:21:37] [INFO] [ALERT] Suspicious process detected: dbus-launch (PID: 4206)
[2025-05-27 05:21:37] [INFO] [ALERT] Suspicious process detected: python3 (PID: 31581)
[2025-05-27 05:21:37] [INFO] [ALERT] Suspicious process detected: python3.13 (PID: 39102)
[2025-05-27 05:21:42] [INFO] [ALERT] Suspicious process detected: kworker/r-sync_wq (PID: 5)
[2025-05-27 05:21:42] [INFO] [ALERT] Suspicious process detected: systemd-timesyncd (PID: 425)
[2025-05-27 05:21:42] [INFO] [ALERT] Suspicious process detected: at-spi-bus-launcher (PID: 1063)
[2025-05-27 05:21:42] [INFO] [ALERT] Suspicious process detected: dbus-launch (PID: 3730)
[2025-05-27 05:21:42] [INFO] [ALERT] Suspicious process detected: dbus-launch (PID: 4206)
[2025-05-27 05:21:42] [INFO] [ALERT] Suspicious process detected: python3 (PID: 31581)
[2025-05-27 05:21:42] [INFO] [ALERT] Suspicious process detected: python3.13 (PID: 39102)
[2025-05-27 05:21:47] [INFO] [ALERT] Suspicious process detected: kworker/r-sync_wq (PID: 5)
[2025-05-27 05:21:47] [INFO] [ALERT] Suspicious process detected: systemd-timesyncd (PID: 425)
[2025-05-27 05:21:48] [INFO] [ALERT] Suspicious process detected: at-spi-bus-launcher (PID: 1063)
[2025-05-27 05:21:48] [INFO] [ALERT] Suspicious process detected: dbus-launch (PID: 3730)
[2025-05-27 05:21:48] [INFO] [ALERT] Suspicious process detected: dbus-launch (PID: 4206)
[2025-05-27 05:21:48] [INFO] [ALERT] Suspicious process detected: python3 (PID: 31581)
[2025-05-27 05:21:48] [INFO] [ALERT] Suspicious process detected: python3.13 (PID: 39102)
[2025-05-27 05:21:53] [INFO] [ALERT] Suspicious process detected: kworker/r-sync_wq (PID: 5)
[2025-05-27 05:21:53] [INFO] [ALERT] Suspicious process detected: systemd-timesyncd (PID: 425)
[2025-05-27 05:21:53] [INFO] [ALERT] Suspicious process detected: at-spi-bus-launcher (PID: 1063)
[2025-05-27 05:21:53] [INFO] [ALERT] Suspicious process detected: dbus-launch (PID: 3730)
[2025-05-27 05:21:53] [INFO] [ALERT] Suspicious process detected: dbus-launch (PID: 4206)
[2025-05-27 05:21:53] [INFO] [ALERT] Suspicious process detected: python3 (PID: 31581)
[2025-05-27 05:21:53] [INFO] [ALERT] Suspicious process detected: python3.13 (PID: 39102)
[2025-05-27 05:21:58] [INFO] [ALERT] Suspicious process detected: kworker/r-sync_wq (PID: 5)
[2025-05-27 05:21:58] [INFO] [ALERT] Suspicious process detected: systemd-timesyncd (PID: 425)
[2025-05-27 05:21:58] [INFO] [ALERT] Suspicious process detected: at-spi-bus-launcher (PID: 1063)
[2025-05-27 05:21:58] [INFO] [ALERT] Suspicious process detected: dbus-launch (PID: 3730)
[2025-05-27 05:21:58] [INFO] [ALERT] Suspicious process detected: dbus-launch (PID: 4206)
[2025-05-27 05:21:58] [INFO] [ALERT] Suspicious process detected: python3 (PID: 31581)
[2025-05-27 05:21:58] [INFO] [ALERT] Suspicious process detected: python3.13 (PID: 39102)
[2025-05-27 05:22:03] [INFO] [ALERT] Suspicious process detected: kworker/r-sync_wq (PID: 5)
[2025-05-27 05:22:03] [INFO] [ALERT] Suspicious process detected: systemd-timesyncd (PID: 425)
[2025-05-27 05:22:03] [INFO] [ALERT] Suspicious process detected: at-spi-bus-launcher (PID: 1063)
[2025-05-27 05:22:03] [INFO] [ALERT] Suspicious process detected: dbus-launch (PID: 3730)
[2025-05-27 05:22:03] [INFO] [ALERT] Suspicious process detected: dbus-launch (PID: 4206)
[2025-05-27 05:22:03] [INFO] [ALERT] Suspicious process detected: python3 (PID: 31581)
[2025-05-27 05:22:03] [INFO] [ALERT] Suspicious process detected: python3.13 (PID: 39102)
[2025-05-27 05:22:08] [INFO] [ALERT] Suspicious process detected: kworker/r-sync_wq (PID: 5)
[2025-05-27 05:22:08] [INFO] [ALERT] Suspicious process detected: systemd-timesyncd (PID: 425)
[2025-05-27 05:22:08] [INFO] [ALERT] Suspicious process detected: at-spi-bus-launcher (PID: 1063)
[2025-05-27 05:22:08] [INFO] [ALERT] Suspicious process detected: dbus-launch (PID: 3730)
[2025-05-27 05:22:08] [INFO] [ALERT] Suspicious process detected: dbus-launch (PID: 4206)
[2025-05-27 05:22:08] [INFO] [ALERT] Suspicious process detected: python3 (PID: 31581)
[2025-05-27 05:22:08] [INFO] [ALERT] Suspicious process detected: python3.13 (PID: 39102)
[2025-05-27 05:22:13] [INFO] [ALERT] Suspicious process detected: kworker/r-sync_wq (PID: 5)
[2025-05-27 05:22:13] [INFO] [ALERT] Suspicious process detected: systemd-timesyncd (PID: 425)
[2025-05-27 05:22:13] [INFO] [ALERT] Suspicious process detected: at-spi-bus-launcher (PID: 1063)
[2025-05-27 05:22:13] [INFO] [ALERT] Suspicious process detected: dbus-launch (PID: 3730)
[2025-05-27 05:22:13] [INFO] [ALERT] Suspicious process detected: dbus-launch (PID: 4206)
[2025-05-27 05:22:13] [INFO] [ALERT] Suspicious process detected: python3 (PID: 31581)
[2025-05-27 05:22:13] [INFO] [ALERT] Suspicious process detected: python3.13 (PID: 39102)
[2025-05-27 05:22:18] [INFO] [ALERT] Suspicious process detected: kworker/r-sync_wq (PID: 5)
[2025-05-27 05:22:18] [INFO] [ALERT] Suspicious process detected: systemd-timesyncd (PID: 425)
[2025-05-27 05:22:18] [INFO] [ALERT] Suspicious process detected: at-spi-bus-launcher (PID: 1063)
[2025-05-27 05:22:18] [INFO] [ALERT] Suspicious process detected: dbus-launch (PID: 3730)
[2025-05-27 05:22:18] [INFO] [ALERT] Suspicious process detected: dbus-launch (PID: 4206)
[2025-05-27 05:22:18] [INFO] [ALERT] Suspicious process detected: python3 (PID: 31581)
[2025-05-27 05:22:18] [INFO] [ALERT] Suspicious process detected: python3.13 (PID: 39102)
[2025-05-27 05:22:23] [INFO] [ALERT] Suspicious process detected: kworker/r-sync_wq (PID: 5)
[2025-05-27 05:22:23] [INFO] [ALERT] Suspicious process detected: systemd-timesyncd (PID: 425)
[2025-05-27 05:22:23] [INFO] [ALERT] Suspicious process detected: at-spi-bus-launcher (PID: 1063)
[2025-05-27 05:22:23] [INFO] [ALERT] Suspicious process detected: dbus-launch (PID: 3730)
[2025-05-27 05:22:23] [INFO] [ALERT] Suspicious process detected: dbus-launch (PID: 4206)
[2025-05-27 05:22:23] [INFO] [ALERT] Suspicious process detected: python3 (PID: 31581)
[2025-05-27 05:22:23] [INFO] [ALERT] Suspicious process detected: python3.13 (PID: 39102)
[2025-05-27 05:22:28] [INFO] [ALERT] Suspicious process detected: kworker/r-sync_wq (PID: 5)
[2025-05-27 05:22:28] [INFO] [ALERT] Suspicious process detected: systemd-timesyncd (PID: 425)
[2025-05-27 05:22:28] [INFO] [ALERT] Suspicious process detected: at-spi-bus-launcher (PID: 1063)
[2025-05-27 05:22:28] [INFO] [ALERT] Suspicious process detected: dbus-launch (PID: 3730)
[2025-05-27 05:22:28] [INFO] [ALERT] Suspicious process detected: dbus-launch (PID: 4206)
[2025-05-27 05:22:28] [INFO] [ALERT] Suspicious process detected: python3 (PID: 31581)
[2025-05-27 05:22:28] [INFO] [ALERT] Suspicious process detected: python3.13 (PID: 39102)
[2025-05-27 05:22:33] [INFO] [ALERT] Suspicious process detected: kworker/r-sync_wq (PID: 5)
[2025-05-27 05:22:33] [INFO] [ALERT] Suspicious process detected: systemd-timesyncd (PID: 425)
[2025-05-27 05:22:33] [INFO] [ALERT] Suspicious process detected: at-spi-bus-launcher (PID: 1063)
[2025-05-27 05:22:33] [INFO] [ALERT] Suspicious process detected: dbus-launch (PID: 3730)
[2025-05-27 05:22:33] [INFO] [ALERT] Suspicious process detected: dbus-launch (PID: 4206)
[2025-05-27 05:22:33] [INFO] [ALERT] Suspicious process detected: python3 (PID: 31581)
[2025-05-27 05:22:33] [INFO] [ALERT] Suspicious process detected: python3.13 (PID: 39102)
[2025-05-27 05:22:38] [INFO] [ALERT] Suspicious process detected: kworker/r-sync_wq (PID: 5)
[2025-05-27 05:22:38] [INFO] [ALERT] Suspicious process detected: systemd-timesyncd (PID: 425)
[2025-05-27 05:22:38] [INFO] [ALERT] Suspicious process detected: at-spi-bus-launcher (PID: 1063)
[2025-05-27 05:22:38] [INFO] [ALERT] Suspicious process detected: dbus-launch (PID: 3730)
[2025-05-27 05:22:38] [INFO] [ALERT] Suspicious process detected: dbus-launch (PID: 4206)
[2025-05-27 05:22:38] [INFO] [ALERT] Suspicious process detected: python3 (PID: 31581)
[2025-05-27 05:22:38] [INFO] [ALERT] Suspicious process detected: python3.13 (PID: 39102)
[2025-05-27 05:22:43] [INFO] [ALERT] Suspicious process detected: kworker/r-sync_wq (PID: 5)
[2025-05-27 05:22:43] [INFO] [ALERT] Suspicious process detected: systemd-timesyncd (PID: 425)
[2025-05-27 05:22:43] [INFO] [ALERT] Suspicious process detected: at-spi-bus-launcher (PID: 1063)
[2025-05-27 05:22:43] [INFO] [ALERT] Suspicious process detected: dbus-launch (PID: 3730)
[2025-05-27 05:22:43] [INFO] [ALERT] Suspicious process detected: dbus-launch (PID: 4206)
[2025-05-27 05:22:43] [INFO] [ALERT] Suspicious process detected: python3 (PID: 31581)
[2025-05-27 05:22:43] [INFO] [ALERT] Suspicious process detected: python3.13 (PID: 39102)
[2025-05-27 05:22:48] [INFO] [ALERT] Suspicious process detected: kworker/r-sync_wq (PID: 5)
[2025-05-27 05:22:48] [INFO] [ALERT] Suspicious process detected: systemd-timesyncd (PID: 425)
[2025-05-27 05:22:48] [INFO] [ALERT] Suspicious process detected: at-spi-bus-launcher (PID: 1063)
[2025-05-27 05:22:48] [INFO] [ALERT] Suspicious process detected: dbus-launch (PID: 3730)
[2025-05-27 05:22:48] [INFO] [ALERT] Suspicious process detected: dbus-launch (PID: 4206)
[2025-05-27 05:22:49] [INFO] [ALERT] Suspicious process detected: python3 (PID: 31581)
[2025-05-27 05:22:49] [INFO] [ALERT] Suspicious process detected: python3.13 (PID: 39102)
[2025-05-27 05:22:54] [INFO] [ALERT] Suspicious process detected: kworker/r-sync_wq (PID: 5)
[2025-05-27 05:22:54] [INFO] [ALERT] Suspicious process detected: systemd-timesyncd (PID: 425)
[2025-05-27 05:22:54] [INFO] [ALERT] Suspicious process detected: at-spi-bus-launcher (PID: 1063)
[2025-05-27 05:22:54] [INFO] [ALERT] Suspicious process detected: dbus-launch (PID: 3730)
[2025-05-27 05:22:54] [INFO] [ALERT] Suspicious process detected: dbus-launch (PID: 4206)
[2025-05-27 05:22:54] [INFO] [ALERT] Suspicious process detected: python3 (PID: 31581)
[2025-05-27 05:22:54] [INFO] [ALERT] Suspicious process detected: python3.13 (PID: 39102)
[2025-05-27 05:22:59] [INFO] [ALERT] Suspicious process detected: kworker/r-sync_wq (PID: 5)
[2025-05-27 05:22:59] [INFO] [ALERT] Suspicious process detected: systemd-timesyncd (PID: 425)
[2025-05-27 05:22:59] [INFO] [ALERT] Suspicious process detected: at-spi-bus-launcher (PID: 1063)
[2025-05-27 05:22:59] [INFO] [ALERT] Suspicious process detected: dbus-launch (PID: 3730)
[2025-05-27 05:22:59] [INFO] [ALERT] Suspicious process detected: dbus-launch (PID: 4206)
[2025-05-27 05:22:59] [INFO] [ALERT] Suspicious process detected: python3 (PID: 31581)
[2025-05-27 05:22:59] [INFO] [ALERT] Suspicious process detected: python3.13 (PID: 39102)
[2025-05-27 05:23:04] [INFO] [ALERT] Suspicious process detected: kworker/r-sync_wq (PID: 5)
[2025-05-27 05:23:04] [INFO] [ALERT] Suspicious process detected: systemd-timesyncd (PID: 425)
[2025-05-27 05:23:04] [INFO] [ALERT] Suspicious process detected: at-spi-bus-launcher (PID: 1063)
[2025-05-27 05:23:04] [INFO] [ALERT] Suspicious process detected: dbus-launch (PID: 3730)
[2025-05-27 05:23:04] [INFO] [ALERT] Suspicious process detected: dbus-launch (PID: 4206)
[2025-05-27 05:23:04] [INFO] [ALERT] Suspicious process detected: python3 (PID: 31581)
[2025-05-27 05:23:04] [INFO] [ALERT] Suspicious process detected: python3.13 (PID: 39102)
[2025-05-27 05:23:09] [INFO] [ALERT] Suspicious process detected: kworker/r-sync_wq (PID: 5)
[2025-05-27 05:23:09] [INFO] [ALERT] Suspicious process detected: systemd-timesyncd (PID: 425)
[2025-05-27 05:23:09] [INFO] [ALERT] Suspicious process detected: at-spi-bus-launcher (PID: 1063)
[2025-05-27 05:23:09] [INFO] [ALERT] Suspicious process detected: dbus-launch (PID: 3730)
[2025-05-27 05:23:09] [INFO] [ALERT] Suspicious process detected: dbus-launch (PID: 4206)
[2025-05-27 05:23:09] [INFO] [ALERT] Suspicious process detected: python3 (PID: 31581)
[2025-05-27 05:23:09] [INFO] [ALERT] Suspicious process detected: python3.13 (PID: 39102)
[2025-05-27 05:23:14] [INFO] [ALERT] Suspicious process detected: kworker/r-sync_wq (PID: 5)
[2025-05-27 05:23:14] [INFO] [ALERT] Suspicious process detected: systemd-timesyncd (PID: 425)
[2025-05-27 05:23:14] [INFO] [ALERT] Suspicious process detected: at-spi-bus-launcher (PID: 1063)
[2025-05-27 05:23:14] [INFO] [ALERT] Suspicious process detected: dbus-launch (PID: 3730)
[2025-05-27 05:23:14] [INFO] [ALERT] Suspicious process detected: dbus-launch (PID: 4206)
[2025-05-27 05:23:14] [INFO] [ALERT] Suspicious process detected: python3 (PID: 31581)
[2025-05-27 05:23:14] [INFO] [ALERT] Suspicious process detected: python3.13 (PID: 39102)
[2025-05-27 05:23:19] [INFO] [ALERT] Suspicious process detected: kworker/r-sync_wq (PID: 5)
[2025-05-27 05:23:19] [INFO] [ALERT] Suspicious process detected: systemd-timesyncd (PID: 425)
[2025-05-27 05:23:19] [INFO] [ALERT] Suspicious process detected: at-spi-bus-launcher (PID: 1063)
[2025-05-27 05:23:19] [INFO] [ALERT] Suspicious process detected: dbus-launch (PID: 3730)
[2025-05-27 05:23:19] [INFO] [ALERT] Suspicious process detected: dbus-launch (PID: 4206)
[2025-05-27 05:23:19] [INFO] [ALERT] Suspicious process detected: python3 (PID: 31581)
[2025-05-27 05:23:19] [INFO] [ALERT] Suspicious process detected: python3.13 (PID: 39102)
[2025-05-27 05:23:24] [INFO] [ALERT] Suspicious process detected: kworker/r-sync_wq (PID: 5)
[2025-05-27 05:23:24] [INFO] [ALERT] Suspicious process detected: systemd-timesyncd (PID: 425)
[2025-05-27 05:23:24] [INFO] [ALERT] Suspicious process detected: at-spi-bus-launcher (PID: 1063)
[2025-05-27 05:23:24] [INFO] [ALERT] Suspicious process detected: dbus-launch (PID: 3730)
[2025-05-27 05:23:24] [INFO] [ALERT] Suspicious process detected: dbus-launch (PID: 4206)
[2025-05-27 05:23:24] [INFO] [ALERT] Suspicious process detected: python3 (PID: 31581)
[2025-05-27 05:23:24] [INFO] [ALERT] Suspicious process detected: python3.13 (PID: 39102)
[2025-05-27 05:23:29] [INFO] [ALERT] Suspicious process detected: kworker/r-sync_wq (PID: 5)
[2025-05-27 05:23:29] [INFO] [ALERT] Suspicious process detected: systemd-timesyncd (PID: 425)
[2025-05-27 05:23:29] [INFO] [ALERT] Suspicious process detected: at-spi-bus-launcher (PID: 1063)
[2025-05-27 05:23:29] [INFO] [ALERT] Suspicious process detected: dbus-launch (PID: 3730)
[2025-05-27 05:23:29] [INFO] [ALERT] Suspicious process detected: dbus-launch (PID: 4206)
[2025-05-27 05:23:29] [INFO] [ALERT] Suspicious process detected: python3 (PID: 31581)
[2025-05-27 05:23:29] [INFO] [ALERT] Suspicious process detected: python3.13 (PID: 39102)
[2025-05-27 05:23:34] [INFO] [ALERT] Suspicious process detected: kworker/r-sync_wq (PID: 5)
[2025-05-27 05:23:34] [INFO] [ALERT] Suspicious process detected: systemd-timesyncd (PID: 425)
[2025-05-27 05:23:34] [INFO] [ALERT] Suspicious process detected: at-spi-bus-launcher (PID: 1063)
[2025-05-27 05:23:34] [INFO] [ALERT] Suspicious process detected: dbus-launch (PID: 3730)
[2025-05-27 05:23:34] [INFO] [ALERT] Suspicious process detected: dbus-launch (PID: 4206)
[2025-05-27 05:23:34] [INFO] [ALERT] Suspicious process detected: python3 (PID: 31581)
[2025-05-27 05:23:34] [INFO] [ALERT] Suspicious process detected: python3.13 (PID: 39102)
[2025-05-27 05:23:39] [INFO] [ALERT] Suspicious process detected: kworker/r-sync_wq (PID: 5)
[2025-05-27 05:23:39] [INFO] [ALERT] Suspicious process detected: systemd-timesyncd (PID: 425)
[2025-05-27 05:23:39] [INFO] [ALERT] Suspicious process detected: at-spi-bus-launcher (PID: 1063)
[2025-05-27 05:23:39] [INFO] [ALERT] Suspicious process detected: dbus-launch (PID: 3730)
[2025-05-27 05:23:39] [INFO] [ALERT] Suspicious process detected: dbus-launch (PID: 4206)
[2025-05-27 05:23:39] [INFO] [ALERT] Suspicious process detected: python3 (PID: 31581)
[2025-05-27 05:23:39] [INFO] [ALERT] Suspicious process detected: python3.13 (PID: 39102)
[2025-05-27 05:23:44] [INFO] [ALERT] Suspicious process detected: kworker/r-sync_wq (PID: 5)
[2025-05-27 05:23:44] [INFO] [ALERT] Suspicious process detected: systemd-timesyncd (PID: 425)
[2025-05-27 05:23:44] [INFO] [ALERT] Suspicious process detected: at-spi-bus-launcher (PID: 1063)
[2025-05-27 05:23:45] [INFO] [ALERT] Suspicious process detected: dbus-launch (PID: 3730)
[2025-05-27 05:23:45] [INFO] [ALERT] Suspicious process detected: dbus-launch (PID: 4206)
[2025-05-27 05:23:45] [INFO] [ALERT] Suspicious process detected: python3 (PID: 31581)
[2025-05-27 05:23:45] [INFO] [ALERT] Suspicious process detected: python3.13 (PID: 39102)
[2025-05-27 05:23:50] [INFO] [ALERT] Suspicious process detected: kworker/r-sync_wq (PID: 5)
[2025-05-27 05:23:50] [INFO] [ALERT] Suspicious process detected: systemd-timesyncd (PID: 425)
[2025-05-27 05:23:50] [INFO] [ALERT] Suspicious process detected: at-spi-bus-launcher (PID: 1063)
[2025-05-27 05:23:50] [INFO] [ALERT] Suspicious process detected: dbus-launch (PID: 3730)
[2025-05-27 05:23:50] [INFO] [ALERT] Suspicious process detected: dbus-launch (PID: 4206)
[2025-05-27 05:23:50] [INFO] [ALERT] Suspicious process detected: python3 (PID: 31581)
[2025-05-27 05:23:50] [INFO] [ALERT] Suspicious process detected: python3.13 (PID: 39102)
[2025-05-27 05:23:55] [INFO] [ALERT] Suspicious process detected: kworker/r-sync_wq (PID: 5)
[2025-05-27 05:23:55] [INFO] [ALERT] Suspicious process detected: systemd-timesyncd (PID: 425)
[2025-05-27 05:23:55] [INFO] [ALERT] Suspicious process detected: at-spi-bus-launcher (PID: 1063)
[2025-05-27 05:23:55] [INFO] [ALERT] Suspicious process detected: dbus-launch (PID: 3730)
[2025-05-27 05:23:55] [INFO] [ALERT] Suspicious process detected: dbus-launch (PID: 4206)
[2025-05-27 05:23:55] [INFO] [ALERT] Suspicious process detected: python3 (PID: 31581)
[2025-05-27 05:23:55] [INFO] [ALERT] Suspicious process detected: python3.13 (PID: 39102)
[2025-05-27 05:24:00] [INFO] [ALERT] Suspicious process detected: kworker/r-sync_wq (PID: 5)
[2025-05-27 05:24:00] [INFO] [ALERT] Suspicious process detected: systemd-timesyncd (PID: 425)
[2025-05-27 05:24:00] [INFO] [ALERT] Suspicious process detected: at-spi-bus-launcher (PID: 1063)
[2025-05-27 05:24:00] [INFO] [ALERT] Suspicious process detected: dbus-launch (PID: 3730)
[2025-05-27 05:24:00] [INFO] [ALERT] Suspicious process detected: dbus-launch (PID: 4206)
[2025-05-27 05:24:00] [INFO] [ALERT] Suspicious process detected: python3 (PID: 31581)
[2025-05-27 05:24:00] [INFO] [ALERT] Suspicious process detected: python3.13 (PID: 39102)
[2025-05-27 05:24:05] [INFO] [ALERT] Suspicious process detected: kworker/r-sync_wq (PID: 5)
[2025-05-27 05:24:05] [INFO] [ALERT] Suspicious process detected: systemd-timesyncd (PID: 425)
[2025-05-27 05:24:05] [INFO] [ALERT] Suspicious process detected: at-spi-bus-launcher (PID: 1063)
[2025-05-27 05:24:05] [INFO] [ALERT] Suspicious process detected: dbus-launch (PID: 3730)
[2025-05-27 05:24:05] [INFO] [ALERT] Suspicious process detected: dbus-launch (PID: 4206)
[2025-05-27 05:24:05] [INFO] [ALERT] Suspicious process detected: python3 (PID: 31581)
[2025-05-27 05:24:05] [INFO] [ALERT] Suspicious process detected: python3.13 (PID: 39102)
[2025-05-27 05:24:10] [INFO] [ALERT] Suspicious process detected: kworker/r-sync_wq (PID: 5)
[2025-05-27 05:24:10] [INFO] [ALERT] Suspicious process detected: systemd-timesyncd (PID: 425)
[2025-05-27 05:24:10] [INFO] [ALERT] Suspicious process detected: at-spi-bus-launcher (PID: 1063)
[2025-05-27 05:24:10] [INFO] [ALERT] Suspicious process detected: dbus-launch (PID: 3730)
[2025-05-27 05:24:10] [INFO] [ALERT] Suspicious process detected: dbus-launch (PID: 4206)
[2025-05-27 05:24:10] [INFO] [ALERT] Suspicious process detected: python3 (PID: 31581)
[2025-05-27 05:24:10] [INFO] [ALERT] Suspicious process detected: python3.13 (PID: 39102)
[2025-05-27 05:24:15] [INFO] [ALERT] Suspicious process detected: kworker/r-sync_wq (PID: 5)
[2025-05-27 05:24:15] [INFO] [ALERT] Suspicious process detected: systemd-timesyncd (PID: 425)
[2025-05-27 05:24:15] [INFO] [ALERT] Suspicious process detected: at-spi-bus-launcher (PID: 1063)
[2025-05-27 05:24:15] [INFO] [ALERT] Suspicious process detected: dbus-launch (PID: 3730)
[2025-05-27 05:24:15] [INFO] [ALERT] Suspicious process detected: dbus-launch (PID: 4206)
[2025-05-27 05:24:15] [INFO] [ALERT] Suspicious process detected: python3 (PID: 31581)
[2025-05-27 05:24:15] [INFO] [ALERT] Suspicious process detected: python3.13 (PID: 39102)
[2025-05-27 05:24:20] [INFO] [ALERT] Suspicious process detected: kworker/r-sync_wq (PID: 5)
[2025-05-27 05:24:20] [INFO] [ALERT] Suspicious process detected: systemd-timesyncd (PID: 425)
[2025-05-27 05:24:20] [INFO] [ALERT] Suspicious process detected: at-spi-bus-launcher (PID: 1063)
[2025-05-27 05:24:20] [INFO] [ALERT] Suspicious process detected: dbus-launch (PID: 3730)
[2025-05-27 05:24:20] [INFO] [ALERT] Suspicious process detected: dbus-launch (PID: 4206)
[2025-05-27 05:24:20] [INFO] [ALERT] Suspicious process detected: python3 (PID: 31581)
[2025-05-27 05:24:20] [INFO] [ALERT] Suspicious process detected: python3.13 (PID: 39102)
[2025-05-27 05:24:25] [INFO] [ALERT] Suspicious process detected: kworker/r-sync_wq (PID: 5)
[2025-05-27 05:24:25] [INFO] [ALERT] Suspicious process detected: systemd-timesyncd (PID: 425)
[2025-05-27 05:24:25] [INFO] [ALERT] Suspicious process detected: at-spi-bus-launcher (PID: 1063)
[2025-05-27 05:24:25] [INFO] [ALERT] Suspicious process detected: dbus-launch (PID: 3730)
[2025-05-27 05:24:25] [INFO] [ALERT] Suspicious process detected: dbus-launch (PID: 4206)
[2025-05-27 05:24:25] [INFO] [ALERT] Suspicious process detected: python3 (PID: 31581)
[2025-05-27 05:24:25] [INFO] [ALERT] Suspicious process detected: python3.13 (PID: 39102)
[2025-05-27 05:24:30] [INFO] [ALERT] Suspicious process detected: kworker/r-sync_wq (PID: 5)
[2025-05-27 05:24:30] [INFO] [ALERT] Suspicious process detected: systemd-timesyncd (PID: 425)
[2025-05-27 05:24:30] [INFO] [ALERT] Suspicious process detected: at-spi-bus-launcher (PID: 1063)
[2025-05-27 05:24:30] [INFO] [ALERT] Suspicious process detected: dbus-launch (PID: 3730)
[2025-05-27 05:24:30] [INFO] [ALERT] Suspicious process detected: dbus-launch (PID: 4206)
[2025-05-27 05:24:30] [INFO] [ALERT] Suspicious process detected: python3 (PID: 31581)
[2025-05-27 05:24:30] [INFO] [ALERT] Suspicious process detected: python3.13 (PID: 39102)
[2025-05-27 05:24:35] [INFO] [ALERT] Suspicious process detected: kworker/r-sync_wq (PID: 5)
[2025-05-27 05:24:35] [INFO] [ALERT] Suspicious process detected: systemd-timesyncd (PID: 425)
[2025-05-27 05:24:35] [INFO] [ALERT] Suspicious process detected: at-spi-bus-launcher (PID: 1063)
[2025-05-27 05:24:35] [INFO] [ALERT] Suspicious process detected: dbus-launch (PID: 3730)
[2025-05-27 05:24:35] [INFO] [ALERT] Suspicious process detected: dbus-launch (PID: 4206)
[2025-05-27 05:24:35] [INFO] [ALERT] Suspicious process detected: python3 (PID: 31581)
[2025-05-27 05:24:35] [INFO] [ALERT] Suspicious process detected: python3.13 (PID: 39102)
[2025-05-27 05:24:40] [INFO] [ALERT] Suspicious process detected: kworker/r-sync_wq (PID: 5)
[2025-05-27 05:24:40] [INFO] [ALERT] Suspicious process detected: systemd-timesyncd (PID: 425)
[2025-05-27 05:24:40] [INFO] [ALERT] Suspicious process detected: at-spi-bus-launcher (PID: 1063)
[2025-05-27 05:24:40] [INFO] [ALERT] Suspicious process detected: dbus-launch (PID: 3730)
[2025-05-27 05:24:40] [INFO] [ALERT] Suspicious process detected: dbus-launch (PID: 4206)
[2025-05-27 05:24:40] [INFO] [ALERT] Suspicious process detected: python3 (PID: 31581)
[2025-05-27 05:24:40] [INFO] [ALERT] Suspicious process detected: python3.13 (PID: 39102)
[2025-05-27 05:24:46] [INFO] [ALERT] Suspicious process detected: kworker/r-sync_wq (PID: 5)
[2025-05-27 05:24:46] [INFO] [ALERT] Suspicious process detected: systemd-timesyncd (PID: 425)
[2025-05-27 05:24:46] [INFO] [ALERT] Suspicious process detected: at-spi-bus-launcher (PID: 1063)
[2025-05-27 05:24:46] [INFO] [ALERT] Suspicious process detected: dbus-launch (PID: 3730)
[2025-05-27 05:24:46] [INFO] [ALERT] Suspicious process detected: dbus-launch (PID: 4206)
[2025-05-27 05:24:46] [INFO] [ALERT] Suspicious process detected: python3 (PID: 31581)
[2025-05-27 05:24:46] [INFO] [ALERT] Suspicious process detected: python3.13 (PID: 39102)
[2025-05-27 05:24:51] [INFO] [ALERT] Suspicious process detected: kworker/r-sync_wq (PID: 5)
[2025-05-27 05:24:51] [INFO] [ALERT] Suspicious process detected: systemd-timesyncd (PID: 425)
[2025-05-27 05:24:51] [INFO] [ALERT] Suspicious process detected: at-spi-bus-launcher (PID: 1063)
[2025-05-27 05:24:51] [INFO] [ALERT] Suspicious process detected: dbus-launch (PID: 3730)
[2025-05-27 05:24:51] [INFO] [ALERT] Suspicious process detected: dbus-launch (PID: 4206)
[2025-05-27 05:24:51] [INFO] [ALERT] Suspicious process detected: python3 (PID: 31581)
[2025-05-27 05:24:51] [INFO] [ALERT] Suspicious process detected: python3.13 (PID: 39102)
[2025-05-27 05:24:56] [INFO] [ALERT] Suspicious process detected: kworker/r-sync_wq (PID: 5)
[2025-05-27 05:24:56] [INFO] [ALERT] Suspicious process detected: systemd-timesyncd (PID: 425)
[2025-05-27 05:24:56] [INFO] [ALERT] Suspicious process detected: at-spi-bus-launcher (PID: 1063)
[2025-05-27 05:24:56] [INFO] [ALERT] Suspicious process detected: dbus-launch (PID: 3730)
[2025-05-27 05:24:56] [INFO] [ALERT] Suspicious process detected: dbus-launch (PID: 4206)
[2025-05-27 05:24:56] [INFO] [ALERT] Suspicious process detected: python3 (PID: 31581)
[2025-05-27 05:24:56] [INFO] [ALERT] Suspicious process detected: python3.13 (PID: 39102)
[2025-05-27 05:25:01] [INFO] [ALERT] Suspicious process detected: kworker/r-sync_wq (PID: 5)
[2025-05-27 05:25:01] [INFO] [ALERT] Suspicious process detected: systemd-timesyncd (PID: 425)
[2025-05-27 05:25:01] [INFO] [ALERT] Suspicious process detected: at-spi-bus-launcher (PID: 1063)
[2025-05-27 05:25:01] [INFO] [ALERT] Suspicious process detected: dbus-launch (PID: 3730)
[2025-05-27 05:25:01] [INFO] [ALERT] Suspicious process detected: dbus-launch (PID: 4206)
[2025-05-27 05:25:01] [INFO] [ALERT] Suspicious process detected: python3 (PID: 31581)
[2025-05-27 05:25:01] [INFO] [ALERT] Suspicious process detected: python3.13 (PID: 39102)
[2025-05-27 05:25:06] [INFO] [ALERT] Suspicious process detected: kworker/r-sync_wq (PID: 5)
[2025-05-27 05:25:06] [INFO] [ALERT] Suspicious process detected: systemd-timesyncd (PID: 425)
[2025-05-27 05:25:06] [INFO] [ALERT] Suspicious process detected: at-spi-bus-launcher (PID: 1063)
[2025-05-27 05:25:06] [INFO] [ALERT] Suspicious process detected: dbus-launch (PID: 3730)
[2025-05-27 05:25:06] [INFO] [ALERT] Suspicious process detected: dbus-launch (PID: 4206)
[2025-05-27 05:25:06] [INFO] [ALERT] Suspicious process detected: python3 (PID: 31581)
[2025-05-27 05:25:06] [INFO] [ALERT] Suspicious process detected: python3.13 (PID: 39102)
