2025-05-20 08:53:36.485810 - ATMShield started.
2025-05-20 08:53:43.501391 - ATMShield started.
2025-05-20 08:54:46.384357 - ATMShield started.
2025-05-20 08:55:02.273404 - [USB DISCONNECTED] None None (Serial: None) at 2025-05-20 08:55:02
2025-05-20 08:55:02.276333 - [USB DISCONNECTED] None None (Serial: None) at 2025-05-20 08:55:02
2025-05-20 08:55:06.912308 - [USB CONNECTED] General UDisk (Serial: None) at 2025-05-20 08:55:06
2025-05-20 08:55:06.962446 - [USB CONNECTED] None None (Serial: None) at 2025-05-20 08:55:06
2025-05-20 08:55:17.086144 - [USB DISCONNECTED] None None (Serial: None) at 2025-05-20 08:55:17
2025-05-20 08:55:17.093004 - [USB DISCONNECTED] None None (Serial: None) at 2025-05-20 08:55:17
2025-05-20 08:55:20.893338 - [USB CONNECTED] General UDisk (Serial: None) at 2025-05-20 08:55:20
2025-05-20 08:55:20.902275 - [USB CONNECTED] None None (Serial: None) at 2025-05-20 08:55:20
2025-05-20 08:55:52.934080 - [USB DISCONNECTED] None None (Serial: None) at 2025-05-20 08:55:52
2025-05-20 08:55:52.936137 - [USB DISCONNECTED] None None (Serial: None) at 2025-05-20 08:55:52
2025-05-20 08:55:55.222225 - [USB CONNECTED] General UDisk (Serial: None) at 2025-05-20 08:55:55
2025-05-20 08:55:55.227466 - [USB CONNECTED] None None (Serial: None) at 2025-05-20 08:55:55
2025-05-20 08:55:56.729353 - [USB DISCONNECTED] None None (Serial: None) at 2025-05-20 08:55:56
2025-05-20 08:55:56.737905 - [USB DISCONNECTED] None None (Serial: None) at 2025-05-20 08:55:56
2025-05-20 08:55:59.519311 - [USB CONNECTED] General UDisk (Serial: None) at 2025-05-20 08:55:59
2025-05-20 08:55:59.522969 - [USB CONNECTED] None None (Serial: None) at 2025-05-20 08:55:59
2025-05-20 08:56:00.805688 - [USB DISCONNECTED] None None (Serial: None) at 2025-05-20 08:56:00
2025-05-20 08:56:00.813247 - [USB DISCONNECTED] None None (Serial: None) at 2025-05-20 08:56:00
2025-05-20 08:56:02.255103 - [USB CONNECTED] General UDisk (Serial: None) at 2025-05-20 08:56:02
2025-05-20 08:56:02.262695 - [USB CONNECTED] None None (Serial: None) at 2025-05-20 08:56:02
2025-05-20 08:56:10.292470 - [USB DISCONNECTED] None None (Serial: None) at 2025-05-20 08:56:10
2025-05-20 08:56:10.300151 - [USB DISCONNECTED] None None (Serial: None) at 2025-05-20 08:56:10
2025-05-20 08:56:12.490253 - [USB CONNECTED] Realtek 802.11n_NIC (Serial: 00E04C0001) at 2025-05-20 08:56:12
2025-05-20 08:56:12.501097 - [USB CONNECTED] None None (Serial: None) at 2025-05-20 08:56:12
2025-05-20 08:57:09.698092 - ATMShield started.
2025-05-20 08:57:12.657831 - [USB DISCONNECTED] None None (Serial: None) at 2025-05-20 08:57:12
2025-05-20 08:57:12.662777 - [USB DISCONNECTED] None None (Serial: None) at 2025-05-20 08:57:12
2025-05-20 08:57:16.239244 - [USB CONNECTED] Realtek 802.11n_NIC (Serial: 00E04C0001) at 2025-05-20 08:57:16
2025-05-20 08:57:16.250506 - [USB CONNECTED] None None (Serial: None) at 2025-05-20 08:57:16
2025-05-20 08:59:14.846372 - ATMShield started.
2025-05-20 08:59:17.848588 - [USB DISCONNECTED] None None (Serial: None) at 2025-05-20 08:59:17
2025-05-20 08:59:17.858418 - [USB DISCONNECTED] None None (Serial: None) at 2025-05-20 08:59:17
2025-05-20 08:59:57.517169 - [USB CONNECTED] Realtek 802.11n_NIC (Serial: 00E04C0001) at 2025-05-20 08:59:57
2025-05-20 08:59:57.526735 - [USB CONNECTED] None None (Serial: None) at 2025-05-20 08:59:57
2025-05-20 09:00:00.124317 - [USB DISCONNECTED] None None (Serial: None) at 2025-05-20 09:00:00
2025-05-20 09:00:00.131840 - [USB DISCONNECTED] None None (Serial: None) at 2025-05-20 09:00:00
2025-05-20 09:00:02.845527 - [USB CONNECTED] Realtek 802.11n_NIC (Serial: 00E04C0001) at 2025-05-20 09:00:02
2025-05-20 09:00:02.852287 - [USB CONNECTED] None None (Serial: None) at 2025-05-20 09:00:02
2025-05-20 09:00:28.027588 - [USB DISCONNECTED] None None (Serial: None) at 2025-05-20 09:00:28
2025-05-20 09:00:28.035819 - [USB DISCONNECTED] None None (Serial: None) at 2025-05-20 09:00:28
2025-05-20 09:00:32.073257 - [USB CONNECTED] General UDisk (Serial: None) at 2025-05-20 09:00:32
2025-05-20 09:00:32.076412 - [USB CONNECTED] None None (Serial: None) at 2025-05-20 09:00:32
2025-05-20 09:01:13.368140 - [USB DISCONNECTED] None None (Serial: None) at 2025-05-20 09:01:13
2025-05-20 09:01:13.376771 - [USB DISCONNECTED] None None (Serial: None) at 2025-05-20 09:01:13
2025-05-20 09:01:15.409650 - [USB CONNECTED] General UDisk (Serial: None) at 2025-05-20 09:01:15
2025-05-20 09:01:15.414719 - [USB CONNECTED] None None (Serial: None) at 2025-05-20 09:01:15
2025-05-20 09:01:16.361503 - [USB DISCONNECTED] None None (Serial: None) at 2025-05-20 09:01:16
2025-05-20 09:01:16.370834 - [USB DISCONNECTED] None None (Serial: None) at 2025-05-20 09:01:16
2025-05-20 09:01:22.413008 - [USB CONNECTED] General UDisk (Serial: None) at 2025-05-20 09:01:22
2025-05-20 09:01:22.417794 - [USB CONNECTED] None None (Serial: None) at 2025-05-20 09:01:22
2025-05-20 09:01:23.316617 - [USB DISCONNECTED] None None (Serial: None) at 2025-05-20 09:01:23
2025-05-20 09:01:23.324307 - [USB DISCONNECTED] None None (Serial: None) at 2025-05-20 09:01:23
2025-05-20 09:01:26.753063 - [USB CONNECTED] Realtek 802.11n_NIC (Serial: 00E04C0001) at 2025-05-20 09:01:26
2025-05-20 09:01:26.759830 - [USB CONNECTED] None None (Serial: None) at 2025-05-20 09:01:26
2025-05-20 09:11:10.581580 - ATMShield started.
2025-05-20 09:11:10.586078 - [ALERT] Suspicious process detected: kworker/r-sync_wq (PID: 5)
2025-05-20 09:11:10.608027 - [ALERT] Suspicious process detected: systemd-timesyncd (PID: 420)
2025-05-20 09:11:10.617249 - [ALERT] Suspicious process detected: at-spi-bus-launcher (PID: 1173)
2025-05-20 09:11:10.645733 - [ALERT] Suspicious process detected: python3.13 (PID: 57933)
2025-05-20 09:11:15.651668 - [ALERT] Suspicious process detected: kworker/r-sync_wq (PID: 5)
2025-05-20 09:11:15.673117 - [ALERT] Suspicious process detected: systemd-timesyncd (PID: 420)
2025-05-20 09:11:15.681850 - [ALERT] Suspicious process detected: at-spi-bus-launcher (PID: 1173)
2025-05-20 09:11:15.704771 - [ALERT] Suspicious process detected: python3.13 (PID: 57933)
2025-05-20 09:11:20.711399 - [ALERT] Suspicious process detected: kworker/r-sync_wq (PID: 5)
2025-05-20 09:11:20.751387 - [ALERT] Suspicious process detected: systemd-timesyncd (PID: 420)
2025-05-20 09:11:20.760130 - [ALERT] Suspicious process detected: at-spi-bus-launcher (PID: 1173)
2025-05-20 09:11:20.783611 - [ALERT] Suspicious process detected: python3.13 (PID: 57933)
2025-05-20 09:11:25.787808 - [ALERT] Suspicious process detected: kworker/r-sync_wq (PID: 5)
2025-05-20 09:11:25.817584 - [ALERT] Suspicious process detected: systemd-timesyncd (PID: 420)
2025-05-20 09:11:25.826333 - [ALERT] Suspicious process detected: at-spi-bus-launcher (PID: 1173)
2025-05-20 09:11:25.849967 - [ALERT] Suspicious process detected: python3.13 (PID: 57933)
2025-05-20 09:11:30.856654 - [ALERT] Suspicious process detected: kworker/r-sync_wq (PID: 5)
2025-05-20 09:11:30.895813 - [ALERT] Suspicious process detected: systemd-timesyncd (PID: 420)
2025-05-20 09:11:30.904544 - [ALERT] Suspicious process detected: at-spi-bus-launcher (PID: 1173)
2025-05-20 09:11:30.927460 - [ALERT] Suspicious process detected: python3.13 (PID: 57933)
2025-05-20 09:11:35.933062 - [ALERT] Suspicious process detected: kworker/r-sync_wq (PID: 5)
2025-05-20 09:11:35.954472 - [ALERT] Suspicious process detected: systemd-timesyncd (PID: 420)
2025-05-20 09:11:35.963139 - [ALERT] Suspicious process detected: at-spi-bus-launcher (PID: 1173)
2025-05-20 09:11:35.986101 - [ALERT] Suspicious process detected: python3.13 (PID: 57933)
2025-05-20 09:11:40.992407 - [ALERT] Suspicious process detected: kworker/r-sync_wq (PID: 5)
2025-05-20 09:11:41.013815 - [ALERT] Suspicious process detected: systemd-timesyncd (PID: 420)
2025-05-20 09:11:41.022463 - [ALERT] Suspicious process detected: at-spi-bus-launcher (PID: 1173)
2025-05-20 09:11:41.045439 - [ALERT] Suspicious process detected: python3.13 (PID: 57933)
2025-05-20 09:11:46.051579 - [ALERT] Suspicious process detected: kworker/r-sync_wq (PID: 5)
2025-05-20 09:11:46.073029 - [ALERT] Suspicious process detected: systemd-timesyncd (PID: 420)
2025-05-20 09:11:46.081720 - [ALERT] Suspicious process detected: at-spi-bus-launcher (PID: 1173)
2025-05-20 09:11:46.105703 - [ALERT] Suspicious process detected: python3.13 (PID: 57933)
2025-05-20 09:11:51.111656 - [ALERT] Suspicious process detected: kworker/r-sync_wq (PID: 5)
2025-05-20 09:11:51.133097 - [ALERT] Suspicious process detected: systemd-timesyncd (PID: 420)
2025-05-20 09:11:51.141794 - [ALERT] Suspicious process detected: at-spi-bus-launcher (PID: 1173)
2025-05-20 09:11:51.164737 - [ALERT] Suspicious process detected: python3.13 (PID: 57933)
2025-05-20 09:11:56.170389 - [ALERT] Suspicious process detected: kworker/r-sync_wq (PID: 5)
2025-05-20 09:11:56.204283 - [ALERT] Suspicious process detected: systemd-timesyncd (PID: 420)
2025-05-20 09:11:56.212926 - [ALERT] Suspicious process detected: at-spi-bus-launcher (PID: 1173)
2025-05-20 09:11:56.235699 - [ALERT] Suspicious process detected: python3.13 (PID: 57933)
2025-05-20 09:12:01.242177 - [ALERT] Suspicious process detected: kworker/r-sync_wq (PID: 5)
2025-05-20 09:12:01.281991 - [ALERT] Suspicious process detected: systemd-timesyncd (PID: 420)
2025-05-20 09:12:01.290809 - [ALERT] Suspicious process detected: at-spi-bus-launcher (PID: 1173)
2025-05-20 09:12:01.313888 - [ALERT] Suspicious process detected: python3.13 (PID: 57933)
2025-05-20 09:12:06.320909 - [ALERT] Suspicious process detected: kworker/r-sync_wq (PID: 5)
2025-05-20 09:12:06.360650 - [ALERT] Suspicious process detected: systemd-timesyncd (PID: 420)
2025-05-20 09:12:06.369455 - [ALERT] Suspicious process detected: at-spi-bus-launcher (PID: 1173)
2025-05-20 09:12:06.393314 - [ALERT] Suspicious process detected: python3.13 (PID: 57933)
2025-05-20 09:12:11.399984 - [ALERT] Suspicious process detected: kworker/r-sync_wq (PID: 5)
2025-05-20 09:12:11.438927 - [ALERT] Suspicious process detected: systemd-timesyncd (PID: 420)
2025-05-20 09:12:11.447715 - [ALERT] Suspicious process detected: at-spi-bus-launcher (PID: 1173)
2025-05-20 09:12:11.471432 - [ALERT] Suspicious process detected: python3.13 (PID: 57933)
2025-05-20 09:12:16.478042 - [ALERT] Suspicious process detected: kworker/r-sync_wq (PID: 5)
2025-05-20 09:12:16.518260 - [ALERT] Suspicious process detected: systemd-timesyncd (PID: 420)
2025-05-20 09:12:16.526982 - [ALERT] Suspicious process detected: at-spi-bus-launcher (PID: 1173)
2025-05-20 09:12:16.549975 - [ALERT] Suspicious process detected: python3.13 (PID: 57933)
2025-05-20 09:12:21.556140 - [ALERT] Suspicious process detected: kworker/r-sync_wq (PID: 5)
2025-05-20 09:12:21.577671 - [ALERT] Suspicious process detected: systemd-timesyncd (PID: 420)
2025-05-20 09:12:21.586384 - [ALERT] Suspicious process detected: at-spi-bus-launcher (PID: 1173)
2025-05-20 09:12:21.609388 - [ALERT] Suspicious process detected: python3.13 (PID: 57933)
2025-05-20 09:12:26.615593 - [ALERT] Suspicious process detected: kworker/r-sync_wq (PID: 5)
2025-05-20 09:12:26.644289 - [ALERT] Suspicious process detected: systemd-timesyncd (PID: 420)
2025-05-20 09:12:26.653160 - [ALERT] Suspicious process detected: at-spi-bus-launcher (PID: 1173)
2025-05-20 09:12:26.676449 - [ALERT] Suspicious process detected: python3.13 (PID: 57933)
2025-05-20 09:12:31.682637 - [ALERT] Suspicious process detected: kworker/r-sync_wq (PID: 5)
2025-05-20 09:12:31.704172 - [ALERT] Suspicious process detected: systemd-timesyncd (PID: 420)
2025-05-20 09:12:31.712824 - [ALERT] Suspicious process detected: at-spi-bus-launcher (PID: 1173)
2025-05-20 09:12:31.735859 - [ALERT] Suspicious process detected: python3.13 (PID: 57933)
2025-05-20 09:12:36.742879 - [ALERT] Suspicious process detected: kworker/r-sync_wq (PID: 5)
2025-05-20 09:12:36.781621 - [ALERT] Suspicious process detected: systemd-timesyncd (PID: 420)
2025-05-20 09:12:36.790335 - [ALERT] Suspicious process detected: at-spi-bus-launcher (PID: 1173)
2025-05-20 09:12:36.814152 - [ALERT] Suspicious process detected: python3.13 (PID: 57933)
2025-05-20 09:12:41.820354 - [ALERT] Suspicious process detected: kworker/r-sync_wq (PID: 5)
2025-05-20 09:12:41.841030 - [ALERT] Suspicious process detected: systemd-timesyncd (PID: 420)
2025-05-20 09:12:41.850452 - [ALERT] Suspicious process detected: at-spi-bus-launcher (PID: 1173)
2025-05-20 09:12:41.873465 - [ALERT] Suspicious process detected: python3.13 (PID: 57933)
2025-05-20 09:12:46.879852 - [ALERT] Suspicious process detected: kworker/r-sync_wq (PID: 5)
2025-05-20 09:12:46.901247 - [ALERT] Suspicious process detected: systemd-timesyncd (PID: 420)
2025-05-20 09:12:46.909994 - [ALERT] Suspicious process detected: at-spi-bus-launcher (PID: 1173)
2025-05-20 09:12:46.932567 - [ALERT] Suspicious process detected: python3.13 (PID: 57933)
2025-05-20 09:12:51.939724 - [ALERT] Suspicious process detected: kworker/r-sync_wq (PID: 5)
2025-05-20 09:12:51.986360 - [ALERT] Suspicious process detected: systemd-timesyncd (PID: 420)
2025-05-20 09:12:51.995157 - [ALERT] Suspicious process detected: at-spi-bus-launcher (PID: 1173)
2025-05-20 09:12:52.017951 - [ALERT] Suspicious process detected: python3.13 (PID: 57933)
2025-05-20 09:12:57.024861 - [ALERT] Suspicious process detected: kworker/r-sync_wq (PID: 5)
2025-05-20 09:12:57.063557 - [ALERT] Suspicious process detected: systemd-timesyncd (PID: 420)
2025-05-20 09:12:57.072154 - [ALERT] Suspicious process detected: at-spi-bus-launcher (PID: 1173)
2025-05-20 09:12:57.095316 - [ALERT] Suspicious process detected: python3.13 (PID: 57933)
2025-05-20 09:13:02.101000 - [ALERT] Suspicious process detected: kworker/r-sync_wq (PID: 5)
2025-05-20 09:13:02.121484 - [ALERT] Suspicious process detected: systemd-timesyncd (PID: 420)
2025-05-20 09:13:02.130055 - [ALERT] Suspicious process detected: at-spi-bus-launcher (PID: 1173)
2025-05-20 09:13:02.153438 - [ALERT] Suspicious process detected: python3.13 (PID: 57933)
2025-05-20 09:13:07.159274 - [ALERT] Suspicious process detected: kworker/r-sync_wq (PID: 5)
2025-05-20 09:13:07.180624 - [ALERT] Suspicious process detected: systemd-timesyncd (PID: 420)
2025-05-20 09:13:07.189218 - [ALERT] Suspicious process detected: at-spi-bus-launcher (PID: 1173)
2025-05-20 09:13:07.211721 - [ALERT] Suspicious process detected: python3.13 (PID: 57933)
2025-05-20 09:13:12.217510 - [ALERT] Suspicious process detected: kworker/r-sync_wq (PID: 5)
2025-05-20 09:13:12.245661 - [ALERT] Suspicious process detected: systemd-timesyncd (PID: 420)
2025-05-20 09:13:12.254589 - [ALERT] Suspicious process detected: at-spi-bus-launcher (PID: 1173)
2025-05-20 09:13:12.277253 - [ALERT] Suspicious process detected: python3.13 (PID: 57933)
2025-05-20 09:13:17.284073 - [ALERT] Suspicious process detected: kworker/r-sync_wq (PID: 5)
2025-05-20 09:13:17.320888 - [ALERT] Suspicious process detected: systemd-timesyncd (PID: 420)
2025-05-20 09:13:17.329467 - [ALERT] Suspicious process detected: at-spi-bus-launcher (PID: 1173)
2025-05-20 09:13:17.351848 - [ALERT] Suspicious process detected: python3.13 (PID: 57933)
2025-05-20 09:13:22.358425 - [ALERT] Suspicious process detected: kworker/r-sync_wq (PID: 5)
2025-05-20 09:13:22.398834 - [ALERT] Suspicious process detected: systemd-timesyncd (PID: 420)
2025-05-20 09:13:22.407517 - [ALERT] Suspicious process detected: at-spi-bus-launcher (PID: 1173)
2025-05-20 09:13:22.429939 - [ALERT] Suspicious process detected: python3.13 (PID: 57933)
2025-05-20 09:13:27.437033 - [ALERT] Suspicious process detected: kworker/r-sync_wq (PID: 5)
2025-05-20 09:13:27.475166 - [ALERT] Suspicious process detected: systemd-timesyncd (PID: 420)
2025-05-20 09:13:27.483746 - [ALERT] Suspicious process detected: at-spi-bus-launcher (PID: 1173)
2025-05-20 09:13:27.506921 - [ALERT] Suspicious process detected: python3.13 (PID: 57933)
2025-05-20 09:13:32.513325 - [ALERT] Suspicious process detected: kworker/r-sync_wq (PID: 5)
2025-05-20 09:13:32.548936 - [ALERT] Suspicious process detected: systemd-timesyncd (PID: 420)
2025-05-20 09:13:32.557629 - [ALERT] Suspicious process detected: at-spi-bus-launcher (PID: 1173)
2025-05-20 09:13:32.581377 - [ALERT] Suspicious process detected: python3.13 (PID: 57933)
2025-05-20 09:13:37.587149 - [ALERT] Suspicious process detected: kworker/r-sync_wq (PID: 5)
2025-05-20 09:13:37.623466 - [ALERT] Suspicious process detected: systemd-timesyncd (PID: 420)
2025-05-20 09:13:37.632135 - [ALERT] Suspicious process detected: at-spi-bus-launcher (PID: 1173)
2025-05-20 09:13:37.654316 - [ALERT] Suspicious process detected: python3.13 (PID: 57933)
2025-05-20 09:13:42.661333 - [ALERT] Suspicious process detected: kworker/r-sync_wq (PID: 5)
2025-05-20 09:13:42.702055 - [ALERT] Suspicious process detected: systemd-timesyncd (PID: 420)
2025-05-20 09:13:42.710679 - [ALERT] Suspicious process detected: at-spi-bus-launcher (PID: 1173)
2025-05-20 09:13:42.732756 - [ALERT] Suspicious process detected: python3.13 (PID: 57933)
2025-05-20 09:13:47.739267 - [ALERT] Suspicious process detected: kworker/r-sync_wq (PID: 5)
2025-05-20 09:13:47.778397 - [ALERT] Suspicious process detected: systemd-timesyncd (PID: 420)
2025-05-20 09:13:47.786928 - [ALERT] Suspicious process detected: at-spi-bus-launcher (PID: 1173)
2025-05-20 09:13:47.808950 - [ALERT] Suspicious process detected: python3.13 (PID: 57933)
2025-05-20 09:13:52.815334 - [ALERT] Suspicious process detected: kworker/r-sync_wq (PID: 5)
2025-05-20 09:13:52.853523 - [ALERT] Suspicious process detected: systemd-timesyncd (PID: 420)
2025-05-20 09:13:52.862104 - [ALERT] Suspicious process detected: at-spi-bus-launcher (PID: 1173)
2025-05-20 09:13:52.884876 - [ALERT] Suspicious process detected: python3.13 (PID: 57933)
2025-05-20 09:13:57.891231 - [ALERT] Suspicious process detected: kworker/r-sync_wq (PID: 5)
2025-05-20 09:13:57.927425 - [ALERT] Suspicious process detected: systemd-timesyncd (PID: 420)
2025-05-20 09:13:57.936043 - [ALERT] Suspicious process detected: at-spi-bus-launcher (PID: 1173)
2025-05-20 09:13:57.958893 - [ALERT] Suspicious process detected: python3.13 (PID: 57933)
2025-05-20 09:14:02.964748 - [ALERT] Suspicious process detected: kworker/r-sync_wq (PID: 5)
2025-05-20 09:14:02.986090 - [ALERT] Suspicious process detected: systemd-timesyncd (PID: 420)
2025-05-20 09:14:02.994750 - [ALERT] Suspicious process detected: at-spi-bus-launcher (PID: 1173)
2025-05-20 09:14:03.016947 - [ALERT] Suspicious process detected: python3.13 (PID: 57933)
2025-05-20 09:14:08.023081 - [ALERT] Suspicious process detected: kworker/r-sync_wq (PID: 5)
2025-05-20 09:14:08.044464 - [ALERT] Suspicious process detected: systemd-timesyncd (PID: 420)
2025-05-20 09:14:08.053105 - [ALERT] Suspicious process detected: at-spi-bus-launcher (PID: 1173)
2025-05-20 09:14:08.075239 - [ALERT] Suspicious process detected: python3.13 (PID: 57933)
2025-05-20 09:14:13.081277 - [ALERT] Suspicious process detected: kworker/r-sync_wq (PID: 5)
2025-05-20 09:14:13.102499 - [ALERT] Suspicious process detected: systemd-timesyncd (PID: 420)
2025-05-20 09:14:13.111156 - [ALERT] Suspicious process detected: at-spi-bus-launcher (PID: 1173)
2025-05-20 09:14:13.133174 - [ALERT] Suspicious process detected: python3.13 (PID: 57933)
2025-05-20 09:14:18.139735 - [ALERT] Suspicious process detected: kworker/r-sync_wq (PID: 5)
2025-05-20 09:14:18.177110 - [ALERT] Suspicious process detected: systemd-timesyncd (PID: 420)
2025-05-20 09:14:18.185821 - [ALERT] Suspicious process detected: at-spi-bus-launcher (PID: 1173)
2025-05-20 09:14:18.208176 - [ALERT] Suspicious process detected: python3.13 (PID: 57933)
2025-05-20 09:14:23.214674 - [ALERT] Suspicious process detected: kworker/r-sync_wq (PID: 5)
2025-05-20 09:14:23.251691 - [ALERT] Suspicious process detected: systemd-timesyncd (PID: 420)
2025-05-20 09:14:23.260448 - [ALERT] Suspicious process detected: at-spi-bus-launcher (PID: 1173)
2025-05-20 09:14:23.282742 - [ALERT] Suspicious process detected: python3.13 (PID: 57933)
2025-05-20 09:14:28.289634 - [ALERT] Suspicious process detected: kworker/r-sync_wq (PID: 5)
2025-05-20 09:14:28.310424 - [ALERT] Suspicious process detected: systemd-timesyncd (PID: 420)
2025-05-20 09:14:28.319173 - [ALERT] Suspicious process detected: at-spi-bus-launcher (PID: 1173)
2025-05-20 09:14:28.342365 - [ALERT] Suspicious process detected: python3.13 (PID: 57933)
2025-05-20 09:14:33.349303 - [ALERT] Suspicious process detected: kworker/r-sync_wq (PID: 5)
2025-05-20 09:14:33.389080 - [ALERT] Suspicious process detected: systemd-timesyncd (PID: 420)
2025-05-20 09:14:33.397862 - [ALERT] Suspicious process detected: at-spi-bus-launcher (PID: 1173)
2025-05-20 09:14:33.420305 - [ALERT] Suspicious process detected: python3.13 (PID: 57933)
2025-05-20 09:14:38.427251 - [ALERT] Suspicious process detected: kworker/r-sync_wq (PID: 5)
2025-05-20 09:14:38.464987 - [ALERT] Suspicious process detected: systemd-timesyncd (PID: 420)
2025-05-20 09:14:38.473827 - [ALERT] Suspicious process detected: at-spi-bus-launcher (PID: 1173)
2025-05-20 09:14:38.496121 - [ALERT] Suspicious process detected: python3.13 (PID: 57933)
2025-05-20 09:14:43.502695 - [ALERT] Suspicious process detected: kworker/r-sync_wq (PID: 5)
2025-05-20 09:14:43.542758 - [ALERT] Suspicious process detected: systemd-timesyncd (PID: 420)
2025-05-20 09:14:43.551588 - [ALERT] Suspicious process detected: at-spi-bus-launcher (PID: 1173)
2025-05-20 09:14:43.573529 - [ALERT] Suspicious process detected: python3.13 (PID: 57933)
2025-05-20 09:14:48.576231 - [ALERT] Suspicious process detected: kworker/r-sync_wq (PID: 5)
2025-05-20 09:14:48.597695 - [ALERT] Suspicious process detected: systemd-timesyncd (PID: 420)
2025-05-20 09:14:48.606401 - [ALERT] Suspicious process detected: at-spi-bus-launcher (PID: 1173)
2025-05-20 09:14:48.628455 - [ALERT] Suspicious process detected: python3.13 (PID: 57933)
2025-05-20 09:14:53.635648 - [ALERT] Suspicious process detected: kworker/r-sync_wq (PID: 5)
2025-05-20 09:14:53.676585 - [ALERT] Suspicious process detected: systemd-timesyncd (PID: 420)
2025-05-20 09:14:53.685330 - [ALERT] Suspicious process detected: at-spi-bus-launcher (PID: 1173)
2025-05-20 09:14:53.708193 - [ALERT] Suspicious process detected: python3.13 (PID: 57933)
2025-05-20 09:14:58.714575 - [ALERT] Suspicious process detected: kworker/r-sync_wq (PID: 5)
2025-05-20 09:14:58.741137 - [ALERT] Suspicious process detected: systemd-timesyncd (PID: 420)
2025-05-20 09:14:58.749989 - [ALERT] Suspicious process detected: at-spi-bus-launcher (PID: 1173)
2025-05-20 09:14:58.773294 - [ALERT] Suspicious process detected: python3.13 (PID: 57933)
2025-05-20 09:15:03.779113 - [ALERT] Suspicious process detected: kworker/r-sync_wq (PID: 5)
2025-05-20 09:15:03.800634 - [ALERT] Suspicious process detected: systemd-timesyncd (PID: 420)
2025-05-20 09:15:03.809365 - [ALERT] Suspicious process detected: at-spi-bus-launcher (PID: 1173)
2025-05-20 09:15:03.831291 - [ALERT] Suspicious process detected: python3.13 (PID: 57933)
2025-05-20 09:15:08.838503 - [ALERT] Suspicious process detected: kworker/r-sync_wq (PID: 5)
2025-05-20 09:15:08.876599 - [ALERT] Suspicious process detected: systemd-timesyncd (PID: 420)
2025-05-20 09:15:08.885339 - [ALERT] Suspicious process detected: at-spi-bus-launcher (PID: 1173)
2025-05-20 09:15:08.907316 - [ALERT] Suspicious process detected: python3.13 (PID: 57933)
2025-05-20 09:15:13.913272 - [ALERT] Suspicious process detected: kworker/r-sync_wq (PID: 5)
2025-05-20 09:15:13.934911 - [ALERT] Suspicious process detected: systemd-timesyncd (PID: 420)
2025-05-20 09:15:13.943657 - [ALERT] Suspicious process detected: at-spi-bus-launcher (PID: 1173)
2025-05-20 09:15:13.965686 - [ALERT] Suspicious process detected: python3.13 (PID: 57933)
2025-05-20 09:15:18.971766 - [ALERT] Suspicious process detected: kworker/r-sync_wq (PID: 5)
2025-05-20 09:15:18.993527 - [ALERT] Suspicious process detected: systemd-timesyncd (PID: 420)
2025-05-20 09:15:19.002310 - [ALERT] Suspicious process detected: at-spi-bus-launcher (PID: 1173)
2025-05-20 09:15:19.024437 - [ALERT] Suspicious process detected: python3.13 (PID: 57933)
2025-05-20 09:15:24.030207 - [ALERT] Suspicious process detected: kworker/r-sync_wq (PID: 5)
2025-05-20 09:15:24.051765 - [ALERT] Suspicious process detected: systemd-timesyncd (PID: 420)
2025-05-20 09:15:24.060466 - [ALERT] Suspicious process detected: at-spi-bus-launcher (PID: 1173)
2025-05-20 09:15:24.082655 - [ALERT] Suspicious process detected: python3.13 (PID: 57933)
2025-05-20 09:15:29.090459 - [ALERT] Suspicious process detected: kworker/r-sync_wq (PID: 5)
2025-05-20 09:15:29.111290 - [ALERT] Suspicious process detected: systemd-timesyncd (PID: 420)
2025-05-20 09:15:29.120018 - [ALERT] Suspicious process detected: at-spi-bus-launcher (PID: 1173)
2025-05-20 09:15:29.142986 - [ALERT] Suspicious process detected: python3.13 (PID: 57933)
2025-05-20 09:15:34.149237 - [ALERT] Suspicious process detected: kworker/r-sync_wq (PID: 5)
2025-05-20 09:15:34.170977 - [ALERT] Suspicious process detected: systemd-timesyncd (PID: 420)
2025-05-20 09:15:34.179823 - [ALERT] Suspicious process detected: at-spi-bus-launcher (PID: 1173)
2025-05-20 09:15:34.202074 - [ALERT] Suspicious process detected: python3.13 (PID: 57933)
2025-05-20 09:15:39.207940 - [ALERT] Suspicious process detected: kworker/r-sync_wq (PID: 5)
2025-05-20 09:15:39.229626 - [ALERT] Suspicious process detected: systemd-timesyncd (PID: 420)
2025-05-20 09:15:39.238413 - [ALERT] Suspicious process detected: at-spi-bus-launcher (PID: 1173)
2025-05-20 09:15:39.260525 - [ALERT] Suspicious process detected: python3.13 (PID: 57933)
2025-05-20 09:15:44.266275 - [ALERT] Suspicious process detected: kworker/r-sync_wq (PID: 5)
2025-05-20 09:15:44.288074 - [ALERT] Suspicious process detected: systemd-timesyncd (PID: 420)
2025-05-20 09:15:44.296896 - [ALERT] Suspicious process detected: at-spi-bus-launcher (PID: 1173)
2025-05-20 09:15:44.319069 - [ALERT] Suspicious process detected: python3.13 (PID: 57933)
2025-05-20 09:15:49.325443 - [ALERT] Suspicious process detected: kworker/r-sync_wq (PID: 5)
2025-05-20 09:15:49.354784 - [ALERT] Suspicious process detected: systemd-timesyncd (PID: 420)
2025-05-20 09:15:49.363485 - [ALERT] Suspicious process detected: at-spi-bus-launcher (PID: 1173)
2025-05-20 09:15:49.385490 - [ALERT] Suspicious process detected: python3.13 (PID: 57933)
2025-05-20 09:15:54.388022 - [ALERT] Suspicious process detected: kworker/r-sync_wq (PID: 5)
2025-05-20 09:15:54.409683 - [ALERT] Suspicious process detected: systemd-timesyncd (PID: 420)
2025-05-20 09:15:54.418422 - [ALERT] Suspicious process detected: at-spi-bus-launcher (PID: 1173)
2025-05-20 09:15:54.440554 - [ALERT] Suspicious process detected: python3.13 (PID: 57933)
2025-05-20 09:15:59.447032 - [ALERT] Suspicious process detected: kworker/r-sync_wq (PID: 5)
2025-05-20 09:15:59.485905 - [ALERT] Suspicious process detected: systemd-timesyncd (PID: 420)
2025-05-20 09:15:59.494562 - [ALERT] Suspicious process detected: at-spi-bus-launcher (PID: 1173)
2025-05-20 09:15:59.517498 - [ALERT] Suspicious process detected: python3.13 (PID: 57933)
2025-05-20 09:16:04.524315 - [ALERT] Suspicious process detected: kworker/r-sync_wq (PID: 5)
2025-05-20 09:16:04.563759 - [ALERT] Suspicious process detected: systemd-timesyncd (PID: 420)
2025-05-20 09:16:04.572462 - [ALERT] Suspicious process detected: at-spi-bus-launcher (PID: 1173)
2025-05-20 09:16:04.595426 - [ALERT] Suspicious process detected: python3.13 (PID: 57933)
2025-05-20 09:16:09.600973 - [ALERT] Suspicious process detected: kworker/r-sync_wq (PID: 5)
2025-05-20 09:16:09.639261 - [ALERT] Suspicious process detected: systemd-timesyncd (PID: 420)
2025-05-20 09:16:09.647962 - [ALERT] Suspicious process detected: at-spi-bus-launcher (PID: 1173)
2025-05-20 09:16:09.669839 - [ALERT] Suspicious process detected: python3.13 (PID: 57933)
2025-05-20 09:16:14.675601 - [ALERT] Suspicious process detected: kworker/r-sync_wq (PID: 5)
2025-05-20 09:16:14.696966 - [ALERT] Suspicious process detected: systemd-timesyncd (PID: 420)
2025-05-20 09:16:14.705659 - [ALERT] Suspicious process detected: at-spi-bus-launcher (PID: 1173)
2025-05-20 09:16:14.727522 - [ALERT] Suspicious process detected: python3.13 (PID: 57933)
2025-05-20 09:16:19.734816 - [ALERT] Suspicious process detected: kworker/r-sync_wq (PID: 5)
2025-05-20 09:16:19.775225 - [ALERT] Suspicious process detected: systemd-timesyncd (PID: 420)
2025-05-20 09:16:19.783983 - [ALERT] Suspicious process detected: at-spi-bus-launcher (PID: 1173)
2025-05-20 09:16:19.806138 - [ALERT] Suspicious process detected: python3.13 (PID: 57933)
2025-05-20 09:16:24.812396 - [ALERT] Suspicious process detected: kworker/r-sync_wq (PID: 5)
2025-05-20 09:16:24.833692 - [ALERT] Suspicious process detected: systemd-timesyncd (PID: 420)
2025-05-20 09:16:24.842250 - [ALERT] Suspicious process detected: at-spi-bus-launcher (PID: 1173)
2025-05-20 09:16:24.863975 - [ALERT] Suspicious process detected: python3.13 (PID: 57933)
2025-05-20 09:16:29.870721 - [ALERT] Suspicious process detected: kworker/r-sync_wq (PID: 5)
2025-05-20 09:16:29.908933 - [ALERT] Suspicious process detected: systemd-timesyncd (PID: 420)
2025-05-20 09:16:29.917586 - [ALERT] Suspicious process detected: at-spi-bus-launcher (PID: 1173)
2025-05-20 09:16:29.939557 - [ALERT] Suspicious process detected: python3.13 (PID: 57933)
2025-05-20 09:16:34.945811 - [ALERT] Suspicious process detected: kworker/r-sync_wq (PID: 5)
2025-05-20 09:16:34.967332 - [ALERT] Suspicious process detected: systemd-timesyncd (PID: 420)
2025-05-20 09:16:34.976046 - [ALERT] Suspicious process detected: at-spi-bus-launcher (PID: 1173)
2025-05-20 09:16:34.998878 - [ALERT] Suspicious process detected: python3.13 (PID: 57933)
2025-05-20 09:16:40.004941 - [ALERT] Suspicious process detected: kworker/r-sync_wq (PID: 5)
2025-05-20 09:16:40.025441 - [ALERT] Suspicious process detected: systemd-timesyncd (PID: 420)
2025-05-20 09:16:40.034865 - [ALERT] Suspicious process detected: at-spi-bus-launcher (PID: 1173)
2025-05-20 09:16:40.056665 - [ALERT] Suspicious process detected: python3.13 (PID: 57933)
2025-05-20 09:16:45.062955 - [ALERT] Suspicious process detected: kworker/r-sync_wq (PID: 5)
2025-05-20 09:16:45.084369 - [ALERT] Suspicious process detected: systemd-timesyncd (PID: 420)
2025-05-20 09:16:45.092952 - [ALERT] Suspicious process detected: at-spi-bus-launcher (PID: 1173)
2025-05-20 09:16:45.114809 - [ALERT] Suspicious process detected: python3.13 (PID: 57933)
2025-05-20 09:16:50.120521 - [ALERT] Suspicious process detected: kworker/r-sync_wq (PID: 5)
2025-05-20 09:16:50.141876 - [ALERT] Suspicious process detected: systemd-timesyncd (PID: 420)
2025-05-20 09:16:50.150488 - [ALERT] Suspicious process detected: at-spi-bus-launcher (PID: 1173)
2025-05-20 09:16:50.172308 - [ALERT] Suspicious process detected: python3.13 (PID: 57933)
2025-05-20 09:16:55.178216 - [ALERT] Suspicious process detected: kworker/r-sync_wq (PID: 5)
2025-05-20 09:16:55.199632 - [ALERT] Suspicious process detected: systemd-timesyncd (PID: 420)
2025-05-20 09:16:55.208266 - [ALERT] Suspicious process detected: at-spi-bus-launcher (PID: 1173)
2025-05-20 09:16:55.230143 - [ALERT] Suspicious process detected: python3.13 (PID: 57933)
2025-05-20 09:17:00.235840 - [ALERT] Suspicious process detected: kworker/r-sync_wq (PID: 5)
2025-05-20 09:17:00.257596 - [ALERT] Suspicious process detected: systemd-timesyncd (PID: 420)
2025-05-20 09:17:00.266274 - [ALERT] Suspicious process detected: at-spi-bus-launcher (PID: 1173)
2025-05-20 09:17:00.288144 - [ALERT] Suspicious process detected: python3.13 (PID: 57933)
2025-05-20 09:17:05.294313 - [ALERT] Suspicious process detected: kworker/r-sync_wq (PID: 5)
2025-05-20 09:17:05.315654 - [ALERT] Suspicious process detected: systemd-timesyncd (PID: 420)
2025-05-20 09:17:05.324274 - [ALERT] Suspicious process detected: at-spi-bus-launcher (PID: 1173)
2025-05-20 09:17:05.346184 - [ALERT] Suspicious process detected: python3.13 (PID: 57933)
2025-05-20 09:17:10.356174 - [ALERT] Suspicious process detected: kworker/r-sync_wq (PID: 5)
2025-05-20 09:17:10.393979 - [ALERT] Suspicious process detected: systemd-timesyncd (PID: 420)
2025-05-20 09:17:10.402562 - [ALERT] Suspicious process detected: at-spi-bus-launcher (PID: 1173)
2025-05-20 09:17:10.426065 - [ALERT] Suspicious process detected: python3.13 (PID: 57933)
2025-05-20 09:17:15.433013 - [ALERT] Suspicious process detected: kworker/r-sync_wq (PID: 5)
2025-05-20 09:17:15.473655 - [ALERT] Suspicious process detected: systemd-timesyncd (PID: 420)
2025-05-20 09:17:15.482325 - [ALERT] Suspicious process detected: at-spi-bus-launcher (PID: 1173)
2025-05-20 09:17:15.504258 - [ALERT] Suspicious process detected: python3.13 (PID: 57933)
2025-05-20 09:17:20.509812 - [ALERT] Suspicious process detected: kworker/r-sync_wq (PID: 5)
2025-05-20 09:17:20.547900 - [ALERT] Suspicious process detected: systemd-timesyncd (PID: 420)
2025-05-20 09:17:20.556492 - [ALERT] Suspicious process detected: at-spi-bus-launcher (PID: 1173)
2025-05-20 09:17:20.578116 - [ALERT] Suspicious process detected: python3.13 (PID: 57933)
2025-05-20 09:17:25.584615 - [ALERT] Suspicious process detected: kworker/r-sync_wq (PID: 5)
2025-05-20 09:17:25.623391 - [ALERT] Suspicious process detected: systemd-timesyncd (PID: 420)
2025-05-20 09:17:25.632043 - [ALERT] Suspicious process detected: at-spi-bus-launcher (PID: 1173)
2025-05-20 09:17:25.653706 - [ALERT] Suspicious process detected: python3.13 (PID: 57933)
2025-05-20 09:17:30.659480 - [ALERT] Suspicious process detected: kworker/r-sync_wq (PID: 5)
2025-05-20 09:17:30.680662 - [ALERT] Suspicious process detected: systemd-timesyncd (PID: 420)
2025-05-20 09:17:30.689266 - [ALERT] Suspicious process detected: at-spi-bus-launcher (PID: 1173)
2025-05-20 09:17:30.710901 - [ALERT] Suspicious process detected: python3.13 (PID: 57933)
2025-05-20 09:17:35.717837 - [ALERT] Suspicious process detected: kworker/r-sync_wq (PID: 5)
2025-05-20 09:17:35.757201 - [ALERT] Suspicious process detected: systemd-timesyncd (PID: 420)
2025-05-20 09:17:35.765792 - [ALERT] Suspicious process detected: at-spi-bus-launcher (PID: 1173)
2025-05-20 09:17:35.787545 - [ALERT] Suspicious process detected: python3.13 (PID: 57933)
2025-05-20 09:17:40.793970 - [ALERT] Suspicious process detected: kworker/r-sync_wq (PID: 5)
2025-05-20 09:17:40.832564 - [ALERT] Suspicious process detected: systemd-timesyncd (PID: 420)
2025-05-20 09:17:40.841163 - [ALERT] Suspicious process detected: at-spi-bus-launcher (PID: 1173)
2025-05-20 09:17:40.863740 - [ALERT] Suspicious process detected: python3.13 (PID: 57933)
2025-05-20 09:17:45.870855 - [ALERT] Suspicious process detected: kworker/r-sync_wq (PID: 5)
2025-05-20 09:17:45.907566 - [ALERT] Suspicious process detected: systemd-timesyncd (PID: 420)
2025-05-20 09:17:45.916198 - [ALERT] Suspicious process detected: at-spi-bus-launcher (PID: 1173)
2025-05-20 09:17:45.938759 - [ALERT] Suspicious process detected: python3.13 (PID: 57933)
2025-05-20 09:17:50.944749 - [ALERT] Suspicious process detected: kworker/r-sync_wq (PID: 5)
2025-05-20 09:17:50.966115 - [ALERT] Suspicious process detected: systemd-timesyncd (PID: 420)
2025-05-20 09:17:50.974761 - [ALERT] Suspicious process detected: at-spi-bus-launcher (PID: 1173)
2025-05-20 09:17:50.996557 - [ALERT] Suspicious process detected: python3.13 (PID: 57933)
2025-05-20 09:17:56.002397 - [ALERT] Suspicious process detected: kworker/r-sync_wq (PID: 5)
2025-05-20 09:17:56.024126 - [ALERT] Suspicious process detected: systemd-timesyncd (PID: 420)
2025-05-20 09:17:56.032867 - [ALERT] Suspicious process detected: at-spi-bus-launcher (PID: 1173)
2025-05-20 09:17:56.055075 - [ALERT] Suspicious process detected: python3.13 (PID: 57933)
2025-05-20 09:18:01.057669 - [ALERT] Suspicious process detected: kworker/r-sync_wq (PID: 5)
2025-05-20 09:18:01.079906 - [ALERT] Suspicious process detected: systemd-timesyncd (PID: 420)
2025-05-20 09:18:01.088750 - [ALERT] Suspicious process detected: at-spi-bus-launcher (PID: 1173)
2025-05-20 09:18:01.111139 - [ALERT] Suspicious process detected: python3.13 (PID: 57933)
2025-05-20 09:18:06.117544 - [ALERT] Suspicious process detected: kworker/r-sync_wq (PID: 5)
2025-05-20 09:18:06.139984 - [ALERT] Suspicious process detected: systemd-timesyncd (PID: 420)
2025-05-20 09:18:06.148664 - [ALERT] Suspicious process detected: at-spi-bus-launcher (PID: 1173)
2025-05-20 09:18:06.170771 - [ALERT] Suspicious process detected: python3.13 (PID: 57933)
2025-05-20 09:18:11.177076 - [ALERT] Suspicious process detected: kworker/r-sync_wq (PID: 5)
2025-05-20 09:18:11.198783 - [ALERT] Suspicious process detected: systemd-timesyncd (PID: 420)
2025-05-20 09:18:11.207495 - [ALERT] Suspicious process detected: at-spi-bus-launcher (PID: 1173)
2025-05-20 09:18:11.230355 - [ALERT] Suspicious process detected: python3.13 (PID: 57933)
2025-05-20 09:18:16.236725 - [ALERT] Suspicious process detected: kworker/r-sync_wq (PID: 5)
2025-05-20 09:18:16.257391 - [ALERT] Suspicious process detected: systemd-timesyncd (PID: 420)
2025-05-20 09:18:16.266061 - [ALERT] Suspicious process detected: at-spi-bus-launcher (PID: 1173)
2025-05-20 09:18:16.288872 - [ALERT] Suspicious process detected: python3.13 (PID: 57933)
2025-05-20 09:18:21.295386 - [ALERT] Suspicious process detected: kworker/r-sync_wq (PID: 5)
2025-05-20 09:18:21.316948 - [ALERT] Suspicious process detected: systemd-timesyncd (PID: 420)
2025-05-20 09:18:21.325693 - [ALERT] Suspicious process detected: at-spi-bus-launcher (PID: 1173)
2025-05-20 09:18:21.347716 - [ALERT] Suspicious process detected: python3.13 (PID: 57933)
2025-05-20 09:18:26.353941 - [ALERT] Suspicious process detected: kworker/r-sync_wq (PID: 5)
2025-05-20 09:18:26.375583 - [ALERT] Suspicious process detected: systemd-timesyncd (PID: 420)
2025-05-20 09:18:26.384425 - [ALERT] Suspicious process detected: at-spi-bus-launcher (PID: 1173)
2025-05-20 09:18:26.406617 - [ALERT] Suspicious process detected: python3.13 (PID: 57933)
2025-05-20 09:18:31.412553 - [ALERT] Suspicious process detected: kworker/r-sync_wq (PID: 5)
2025-05-20 09:18:31.434157 - [ALERT] Suspicious process detected: systemd-timesyncd (PID: 420)
2025-05-20 09:18:31.442827 - [ALERT] Suspicious process detected: at-spi-bus-launcher (PID: 1173)
2025-05-20 09:18:31.464799 - [ALERT] Suspicious process detected: python3.13 (PID: 57933)
2025-05-20 09:18:36.471190 - [ALERT] Suspicious process detected: kworker/r-sync_wq (PID: 5)
2025-05-20 09:18:36.492889 - [ALERT] Suspicious process detected: systemd-timesyncd (PID: 420)
2025-05-20 09:18:36.501578 - [ALERT] Suspicious process detected: at-spi-bus-launcher (PID: 1173)
2025-05-20 09:18:36.523597 - [ALERT] Suspicious process detected: python3.13 (PID: 57933)
2025-05-20 09:18:41.529663 - [ALERT] Suspicious process detected: kworker/r-sync_wq (PID: 5)
2025-05-20 09:18:41.551453 - [ALERT] Suspicious process detected: systemd-timesyncd (PID: 420)
2025-05-20 09:18:41.560192 - [ALERT] Suspicious process detected: at-spi-bus-launcher (PID: 1173)
2025-05-20 09:18:41.582198 - [ALERT] Suspicious process detected: python3.13 (PID: 57933)
2025-05-20 09:18:46.588627 - [ALERT] Suspicious process detected: kworker/r-sync_wq (PID: 5)
2025-05-20 09:18:46.624056 - [ALERT] Suspicious process detected: systemd-timesyncd (PID: 420)
2025-05-20 09:18:46.632747 - [ALERT] Suspicious process detected: at-spi-bus-launcher (PID: 1173)
2025-05-20 09:18:46.655622 - [ALERT] Suspicious process detected: python3.13 (PID: 57933)
2025-05-20 09:18:51.662768 - [ALERT] Suspicious process detected: kworker/r-sync_wq (PID: 5)
2025-05-20 09:18:51.701353 - [ALERT] Suspicious process detected: systemd-timesyncd (PID: 420)
2025-05-20 09:18:51.710798 - [ALERT] Suspicious process detected: at-spi-bus-launcher (PID: 1173)
2025-05-20 09:18:51.732830 - [ALERT] Suspicious process detected: python3.13 (PID: 57933)
2025-05-20 09:18:56.740209 - [ALERT] Suspicious process detected: kworker/r-sync_wq (PID: 5)
2025-05-20 09:18:56.779543 - [ALERT] Suspicious process detected: systemd-timesyncd (PID: 420)
2025-05-20 09:18:56.788259 - [ALERT] Suspicious process detected: at-spi-bus-launcher (PID: 1173)
2025-05-20 09:18:56.810289 - [ALERT] Suspicious process detected: python3.13 (PID: 57933)
2025-05-20 09:19:01.817409 - [ALERT] Suspicious process detected: kworker/r-sync_wq (PID: 5)
2025-05-20 09:19:01.857281 - [ALERT] Suspicious process detected: systemd-timesyncd (PID: 420)
2025-05-20 09:19:01.866067 - [ALERT] Suspicious process detected: at-spi-bus-launcher (PID: 1173)
2025-05-20 09:19:01.888108 - [ALERT] Suspicious process detected: python3.13 (PID: 57933)
2025-05-21 03:49:11.922318 - ATMShield started.
2025-05-21 03:49:11.927316 - [ALERT] Suspicious process detected: kworker/r-sync_wq (PID: 5)
2025-05-21 03:49:11.954474 - [ALERT] Suspicious process detected: systemd-timesyncd (PID: 423)
2025-05-21 03:49:11.966963 - [ALERT] Suspicious process detected: at-spi-bus-launcher (PID: 1137)
2025-05-21 03:49:11.984297 - [ALERT] Suspicious process detected: python3.13 (PID: 6218)
2025-05-21 03:49:11.984596 - [ALERT] Suspicious process detected: python3.13 (PID: 6219)
2025-05-21 03:49:16.997474 - [ALERT] Suspicious process detected: kworker/r-sync_wq (PID: 5)
2025-05-21 03:49:17.036365 - [ALERT] Suspicious process detected: systemd-timesyncd (PID: 423)
2025-05-21 03:49:17.046032 - [ALERT] Suspicious process detected: at-spi-bus-launcher (PID: 1137)
2025-05-21 03:49:17.061516 - [ALERT] Suspicious process detected: python3.13 (PID: 6219)
2025-05-21 03:49:22.064030 - [ALERT] Suspicious process detected: kworker/r-sync_wq (PID: 5)
2025-05-21 03:49:22.090078 - [ALERT] Suspicious process detected: systemd-timesyncd (PID: 423)
2025-05-21 03:49:22.099934 - [ALERT] Suspicious process detected: at-spi-bus-launcher (PID: 1137)
2025-05-21 03:49:22.115448 - [ALERT] Suspicious process detected: python3.13 (PID: 6219)
2025-05-21 03:49:27.121674 - [ALERT] Suspicious process detected: kworker/r-sync_wq (PID: 5)
2025-05-21 03:49:27.163671 - [ALERT] Suspicious process detected: systemd-timesyncd (PID: 423)
2025-05-21 03:49:27.173345 - [ALERT] Suspicious process detected: at-spi-bus-launcher (PID: 1137)
2025-05-21 03:49:27.188710 - [ALERT] Suspicious process detected: python3.13 (PID: 6219)
2025-05-21 03:49:32.196047 - [ALERT] Suspicious process detected: kworker/r-sync_wq (PID: 5)
2025-05-21 03:49:32.271312 - [ALERT] Suspicious process detected: systemd-timesyncd (PID: 423)
2025-05-21 03:49:32.294995 - [ALERT] Suspicious process detected: at-spi-bus-launcher (PID: 1137)
2025-05-21 03:49:32.316819 - [ALERT] Suspicious process detected: python3.13 (PID: 6219)
2025-05-21 03:49:37.322357 - [ALERT] Suspicious process detected: kworker/r-sync_wq (PID: 5)
2025-05-21 03:49:37.361024 - [ALERT] Suspicious process detected: systemd-timesyncd (PID: 423)
2025-05-21 03:49:37.371256 - [ALERT] Suspicious process detected: at-spi-bus-launcher (PID: 1137)
2025-05-21 03:49:37.386414 - [ALERT] Suspicious process detected: python3.13 (PID: 6219)
2025-05-21 03:49:42.389014 - [ALERT] Suspicious process detected: kworker/r-sync_wq (PID: 5)
2025-05-21 03:49:42.417519 - [ALERT] Suspicious process detected: systemd-timesyncd (PID: 423)
2025-05-21 03:49:42.428029 - [ALERT] Suspicious process detected: at-spi-bus-launcher (PID: 1137)
2025-05-21 03:49:42.445931 - [ALERT] Suspicious process detected: python3.13 (PID: 6219)
2025-05-21 03:49:47.452798 - [ALERT] Suspicious process detected: kworker/r-sync_wq (PID: 5)
2025-05-21 03:49:47.481125 - [ALERT] Suspicious process detected: systemd-timesyncd (PID: 423)
2025-05-21 03:49:47.491162 - [ALERT] Suspicious process detected: at-spi-bus-launcher (PID: 1137)
2025-05-21 03:49:47.506950 - [ALERT] Suspicious process detected: python3.13 (PID: 6219)
2025-05-21 03:49:52.513312 - [ALERT] Suspicious process detected: kworker/r-sync_wq (PID: 5)
2025-05-21 03:49:52.538793 - [ALERT] Suspicious process detected: systemd-timesyncd (PID: 423)
2025-05-21 03:49:52.548480 - [ALERT] Suspicious process detected: at-spi-bus-launcher (PID: 1137)
2025-05-21 03:49:52.564107 - [ALERT] Suspicious process detected: python3.13 (PID: 6219)
2025-05-21 03:49:57.572874 - [ALERT] Suspicious process detected: kworker/r-sync_wq (PID: 5)
2025-05-21 03:49:57.613731 - [ALERT] Suspicious process detected: systemd-timesyncd (PID: 423)
2025-05-21 03:49:57.624129 - [ALERT] Suspicious process detected: at-spi-bus-launcher (PID: 1137)
2025-05-21 03:49:57.639617 - [ALERT] Suspicious process detected: python3.13 (PID: 6219)
2025-05-21 03:50:02.642041 - [ALERT] Suspicious process detected: kworker/r-sync_wq (PID: 5)
2025-05-21 03:50:02.669991 - [ALERT] Suspicious process detected: systemd-timesyncd (PID: 423)
2025-05-21 03:50:02.680132 - [ALERT] Suspicious process detected: at-spi-bus-launcher (PID: 1137)
2025-05-21 03:50:02.696080 - [ALERT] Suspicious process detected: python3.13 (PID: 6219)
2025-05-21 03:50:07.701576 - [ALERT] Suspicious process detected: kworker/r-sync_wq (PID: 5)
2025-05-21 03:50:07.730522 - [ALERT] Suspicious process detected: systemd-timesyncd (PID: 423)
2025-05-21 03:50:07.740419 - [ALERT] Suspicious process detected: at-spi-bus-launcher (PID: 1137)
2025-05-21 03:50:07.756261 - [ALERT] Suspicious process detected: python3.13 (PID: 6219)
2025-05-21 03:50:12.762561 - [ALERT] Suspicious process detected: kworker/r-sync_wq (PID: 5)
2025-05-21 03:50:12.805157 - [ALERT] Suspicious process detected: systemd-timesyncd (PID: 423)
2025-05-21 03:50:12.814795 - [ALERT] Suspicious process detected: at-spi-bus-launcher (PID: 1137)
2025-05-21 03:50:12.830495 - [ALERT] Suspicious process detected: python3.13 (PID: 6219)
2025-05-21 03:50:17.837068 - [ALERT] Suspicious process detected: kworker/r-sync_wq (PID: 5)
2025-05-21 03:50:17.882256 - [ALERT] Suspicious process detected: systemd-timesyncd (PID: 423)
2025-05-21 03:50:17.892228 - [ALERT] Suspicious process detected: at-spi-bus-launcher (PID: 1137)
2025-05-21 03:50:17.908001 - [ALERT] Suspicious process detected: python3.13 (PID: 6219)
2025-05-21 03:50:22.913802 - [ALERT] Suspicious process detected: kworker/r-sync_wq (PID: 5)
2025-05-21 03:50:22.954296 - [ALERT] Suspicious process detected: systemd-timesyncd (PID: 423)
2025-05-21 03:50:22.964603 - [ALERT] Suspicious process detected: at-spi-bus-launcher (PID: 1137)
2025-05-21 03:50:22.979984 - [ALERT] Suspicious process detected: python3.13 (PID: 6219)
2025-05-21 03:50:27.986552 - [ALERT] Suspicious process detected: kworker/r-sync_wq (PID: 5)
2025-05-21 03:50:28.031583 - [ALERT] Suspicious process detected: systemd-timesyncd (PID: 423)
2025-05-21 03:50:28.041360 - [ALERT] Suspicious process detected: at-spi-bus-launcher (PID: 1137)
2025-05-21 03:50:28.057304 - [ALERT] Suspicious process detected: python3.13 (PID: 6219)
2025-05-21 03:50:33.063093 - [ALERT] Suspicious process detected: kworker/r-sync_wq (PID: 5)
2025-05-21 03:50:33.107071 - [ALERT] Suspicious process detected: systemd-timesyncd (PID: 423)
2025-05-21 03:50:33.116968 - [ALERT] Suspicious process detected: at-spi-bus-launcher (PID: 1137)
2025-05-21 03:50:33.132623 - [ALERT] Suspicious process detected: python3.13 (PID: 6219)
2025-05-21 03:50:38.140007 - [ALERT] Suspicious process detected: kworker/r-sync_wq (PID: 5)
2025-05-21 03:50:38.183253 - [ALERT] Suspicious process detected: systemd-timesyncd (PID: 423)
2025-05-21 03:50:38.193313 - [ALERT] Suspicious process detected: at-spi-bus-launcher (PID: 1137)
2025-05-21 03:50:38.209115 - [ALERT] Suspicious process detected: python3.13 (PID: 6219)
2025-05-21 03:50:43.215931 - [ALERT] Suspicious process detected: kworker/r-sync_wq (PID: 5)
2025-05-21 03:50:43.257463 - [ALERT] Suspicious process detected: systemd-timesyncd (PID: 423)
2025-05-21 03:50:43.268299 - [ALERT] Suspicious process detected: at-spi-bus-launcher (PID: 1137)
2025-05-21 03:50:43.283868 - [ALERT] Suspicious process detected: python3.13 (PID: 6219)
2025-05-21 03:50:48.287751 - [ALERT] Suspicious process detected: kworker/r-sync_wq (PID: 5)
2025-05-21 03:50:48.322808 - [ALERT] Suspicious process detected: systemd-timesyncd (PID: 423)
2025-05-21 03:50:48.332467 - [ALERT] Suspicious process detected: at-spi-bus-launcher (PID: 1137)
2025-05-21 03:50:48.348056 - [ALERT] Suspicious process detected: python3.13 (PID: 6219)
2025-05-21 03:50:53.354473 - [ALERT] Suspicious process detected: kworker/r-sync_wq (PID: 5)
2025-05-21 03:50:53.396386 - [ALERT] Suspicious process detected: systemd-timesyncd (PID: 423)
2025-05-21 03:50:53.405907 - [ALERT] Suspicious process detected: at-spi-bus-launcher (PID: 1137)
2025-05-21 03:50:53.421278 - [ALERT] Suspicious process detected: python3.13 (PID: 6219)
2025-05-21 03:50:58.424056 - [ALERT] Suspicious process detected: kworker/r-sync_wq (PID: 5)
2025-05-21 03:50:58.449221 - [ALERT] Suspicious process detected: systemd-timesyncd (PID: 423)
2025-05-21 03:50:58.458846 - [ALERT] Suspicious process detected: at-spi-bus-launcher (PID: 1137)
2025-05-21 03:50:58.474289 - [ALERT] Suspicious process detected: python3.13 (PID: 6219)
2025-05-21 03:51:03.478161 - [ALERT] Suspicious process detected: kworker/r-sync_wq (PID: 5)
2025-05-21 03:51:03.517282 - [ALERT] Suspicious process detected: systemd-timesyncd (PID: 423)
2025-05-21 03:51:03.526769 - [ALERT] Suspicious process detected: at-spi-bus-launcher (PID: 1137)
2025-05-21 03:51:03.541997 - [ALERT] Suspicious process detected: python3.13 (PID: 6219)
2025-05-21 03:51:08.544635 - [ALERT] Suspicious process detected: kworker/r-sync_wq (PID: 5)
2025-05-21 03:51:08.572883 - [ALERT] Suspicious process detected: systemd-timesyncd (PID: 423)
2025-05-21 03:51:08.584591 - [ALERT] Suspicious process detected: at-spi-bus-launcher (PID: 1137)
2025-05-21 03:51:08.601584 - [ALERT] Suspicious process detected: python3.13 (PID: 6219)
